#
# There is insufficient memory for the Java Runtime Environment to continue.
# Native memory allocation (malloc) failed to allocate 1048576 bytes. Error detail: AllocateHeap
# Possible reasons:
#   The system is out of physical RAM or swap space
#   This process is running with CompressedOops enabled, and the Java Heap may be blocking the growth of the native heap
# Possible solutions:
#   Reduce memory load on the system
#   Increase physical memory or swap space
#   Check if swap backing store is full
#   Decrease Java heap size (-Xmx/-Xms)
#   Decrease number of Java threads
#   Decrease Java thread stack sizes (-Xss)
#   Set larger code cache with -XX:ReservedCodeCacheSize=
#   JVM is running with Unscaled Compressed Oops mode in which the Java heap is
#     placed in the first 4GB address space. The Java Heap base address is the
#     maximum limit for the native heap growth. Please use -XX:HeapBaseMinAddress
#     to set the Java Heap base and to place the Java Heap above 4GB virtual address.
# This output file may be truncated or incomplete.
#
#  Out of Memory Error (allocation.cpp:44), pid=2384, tid=17176
#
# JRE version:  (17.0.11+9) (build )
# Java VM: OpenJDK 64-Bit Server VM (17.0.11+9, mixed mode, tiered, compressed oops, compressed class ptrs, parallel gc, windows-amd64)
# No core dump will be written. Minidumps are not enabled by default on client versions of Windows
#

---------------  S U M M A R Y ------------

Command Line: --add-modules=ALL-SYSTEM --add-opens=java.base/java.util=ALL-UNNAMED --add-opens=java.base/java.lang=ALL-UNNAMED --add-opens=java.base/sun.nio.fs=ALL-UNNAMED -Declipse.application=org.eclipse.jdt.ls.core.id1 -Dosgi.bundles.defaultStartLevel=4 -Declipse.product=org.eclipse.jdt.ls.core.product -Djava.import.generatesMetadataFilesAtProjectRoot=false -DDetectVMInstallationsJob.disabled=true -Dfile.encoding=utf8 -XX:+UseParallelGC -XX:GCTimeRatio=4 -XX:AdaptiveSizePolicyWeight=90 -Dsun.zip.disableMemoryMapping=true -Xmx1G -Xms100m -Xlog:disable -javaagent:c:\Users\Divyesh\.vscode\extensions\redhat.java-1.32.0-win32-x64\lombok\lombok-1.18.33.jar c:\Users\Divyesh\.vscode\extensions\redhat.java-1.32.0-win32-x64\server\plugins\org.eclipse.equinox.launcher_1.6.900.v20240613-2009.jar -configuration c:\Users\Divyesh\AppData\Roaming\Code\User\globalStorage\redhat.java\1.32.0\config_ss_win -data c:\Users\Divyesh\AppData\Roaming\Code\User\workspaceStorage\ee50519d4876652678f925bc8ee3d49a\redhat.java\ss_ws --pipe=\\.\pipe\lsp-b902960d5fbc85134ae159b8b17d3c4c-sock

Host: AMD Ryzen 7 5800H with Radeon Graphics         , 16 cores, 15G,  Windows 11 , 64 bit Build 22621 (10.0.22621.3672)
Time: Sun Jul 21 18:07:30 2024 India Standard Time elapsed time: 0.065683 seconds (0d 0h 0m 0s)

---------------  T H R E A D  ---------------

Current thread (0x0000029351591420):  JavaThread "Unknown thread" [_thread_in_vm, id=17176, stack(0x000000e021500000,0x000000e021600000)]

Stack: [0x000000e021500000,0x000000e021600000]
Native frames: (J=compiled Java code, j=interpreted, Vv=VM code, C=native code)
V  [jvm.dll+0x67d429]
V  [jvm.dll+0x834b7a]
V  [jvm.dll+0x83663e]
V  [jvm.dll+0x836ca3]
V  [jvm.dll+0x247dbf]
V  [jvm.dll+0xa6cb3]
V  [jvm.dll+0x6aff5a]
V  [jvm.dll+0x6b0c4f]
V  [jvm.dll+0x689b53]
V  [jvm.dll+0x806c4b]
V  [jvm.dll+0x36c5e4]
V  [jvm.dll+0x7e4f56]
V  [jvm.dll+0x3efdcf]
V  [jvm.dll+0x3f1921]
C  [jli.dll+0x528f]
C  [ucrtbase.dll+0x29333]
C  [KERNEL32.DLL+0x1257d]
C  [ntdll.dll+0x5af28]


---------------  P R O C E S S  ---------------

Threads class SMR info:
_java_thread_list=0x00007fff642ceed8, length=0, elements={
}

Java Threads: ( => current thread )

Other Threads:
  0x00000293515a6710 GCTaskThread "GC Thread#0" [stack: 0x000000e021600000,0x000000e021700000] [id=7192]

=>0x0000029351591420 (exited) JavaThread "Unknown thread" [_thread_in_vm, id=17176, stack(0x000000e021500000,0x000000e021600000)]

Threads with active compile tasks:

VM state: not at safepoint (normal execution)

VM Mutex/Monitor currently owned by a thread: None

Heap address: 0x00000000c0000000, size: 1024 MB, Compressed Oops mode: 32-bit

CDS archive(s) not mapped
Compressed class space mapped at: 0x0000000100000000-0x0000000140000000, reserved size: 1073741824
Narrow klass base: 0x0000000000000000, Narrow klass shift: 3, Narrow klass range: 0x140000000

GC Precious Log:
 CPUs: 16 total, 16 available
 Memory: 15710M
 Large Page Support: Disabled
 NUMA Support: Disabled
 Compressed Oops: Enabled (32-bit)
 Alignments: Space 512K, Generation 512K, Heap 2M
 Heap Min Capacity: 100M
 Heap Initial Capacity: 100M
 Heap Max Capacity: 1G
 Pre-touch: Disabled
 Parallel Workers: 13

Heap:
 PSYoungGen      total 29696K, used 512K [0x00000000eab00000, 0x00000000ecc00000, 0x0000000100000000)
  eden space 25600K, 2% used [0x00000000eab00000,0x00000000eab80070,0x00000000ec400000)
  from space 4096K, 0% used [0x00000000ec800000,0x00000000ec800000,0x00000000ecc00000)
  to   space 4096K, 0% used [0x00000000ec400000,0x00000000ec400000,0x00000000ec800000)
 ParOldGen       total 68608K, used 0K [0x00000000c0000000, 0x00000000c4300000, 0x00000000eab00000)
  object space 68608K, 0% used [0x00000000c0000000,0x00000000c0000000,0x00000000c4300000)
 Metaspace       used 1149K, committed 1216K, reserved 1114112K
  class space    used 101K, committed 128K, reserved 1048576K

Card table byte_map: [0x0000029350f20000,0x0000029351130000] _byte_map_base: 0x0000029350920000

Marking Bits: (ParMarkBitMap*) 0x00007fff6433d820
 Begin Bits: [0x0000029363220000, 0x0000029364220000)
 End Bits:   [0x0000029364220000, 0x0000029365220000)

Polling page: 0x000002934f4c0000

Metaspace:

Usage:
  Non-class:      1.02 MB used.
      Class:    101.05 KB used.
       Both:      1.12 MB used.

Virtual space:
  Non-class space:       64.00 MB reserved,       1.06 MB (  2%) committed,  1 nodes.
      Class space:        1.00 GB reserved,     128.00 KB ( <1%) committed,  1 nodes.
             Both:        1.06 GB reserved,       1.19 MB ( <1%) committed. 

Chunk freelists:
   Non-Class:  12.00 MB
       Class:  15.75 MB
        Both:  27.75 MB

MaxMetaspaceSize: unlimited
CompressedClassSpaceSize: 1.00 GB
Initial GC threshold: 21.00 MB
Current GC threshold: 17179869184.00 GB
CDS: off
MetaspaceReclaimPolicy: balanced
 - commit_granule_bytes: 65536.
 - commit_granule_words: 8192.
 - virtual_space_node_default_size: 8388608.
 - enlarge_chunks_in_place: 1.
 - new_chunks_are_fully_committed: 0.
 - uncommit_free_chunks: 1.
 - use_allocation_guard: 0.
 - handle_deallocations: 1.


Internal statistics:

num_allocs_failed_limit: 0.
num_arena_births: 2.
num_arena_deaths: 0.
num_vsnodes_births: 2.
num_vsnodes_deaths: 0.
num_space_committed: 19.
num_space_uncommitted: 0.
num_chunks_returned_to_freelist: 0.
num_chunks_taken_from_freelist: 3.
num_chunk_merges: 0.
num_chunk_splits: 2.
num_chunks_enlarged: 0.
num_inconsistent_stats: 0.

CodeHeap 'non-profiled nmethods': size=119168Kb used=0Kb max_used=0Kb free=119168Kb
 bounds [0x000002935bdc0000, 0x000002935c030000, 0x0000029363220000]
CodeHeap 'profiled nmethods': size=119104Kb used=0Kb max_used=0Kb free=119104Kb
 bounds [0x0000029354220000, 0x0000029354490000, 0x000002935b670000]
CodeHeap 'non-nmethods': size=7488Kb used=202Kb max_used=353Kb free=7285Kb
 bounds [0x000002935b670000, 0x000002935b8e0000, 0x000002935bdc0000]
 total_blobs=66 nmethods=0 adapters=47
 compilation: enabled
              stopped_count=0, restarted_count=0
 full_count=0

Compilation events (0 events):
No events

GC Heap History (0 events):
No events

Dll operation events (1 events):
Event: 0.006 Loaded shared library c:\Users\Divyesh\.vscode\extensions\redhat.java-1.32.0-win32-x64\jre\17.0.11-win32-x86_64\bin\java.dll

Deoptimization events (0 events):
No events

Classes unloaded (0 events):
No events

Classes redefined (0 events):
No events

Internal exceptions (0 events):
No events

VM Operations (0 events):
No events

Events (20 events):
Event: 0.056 loading class java/lang/Long
Event: 0.056 loading class java/lang/Long done
Event: 0.056 loading class java/util/Iterator
Event: 0.056 loading class java/util/Iterator done
Event: 0.056 loading class java/lang/reflect/RecordComponent
Event: 0.057 loading class java/lang/reflect/RecordComponent done
Event: 0.057 loading class jdk/internal/vm/vector/VectorSupport
Event: 0.057 loading class jdk/internal/vm/vector/VectorSupport done
Event: 0.057 loading class jdk/internal/vm/vector/VectorSupport$VectorPayload
Event: 0.057 loading class jdk/internal/vm/vector/VectorSupport$VectorPayload done
Event: 0.057 loading class jdk/internal/vm/vector/VectorSupport$Vector
Event: 0.057 loading class jdk/internal/vm/vector/VectorSupport$Vector done
Event: 0.057 loading class jdk/internal/vm/vector/VectorSupport$VectorMask
Event: 0.057 loading class jdk/internal/vm/vector/VectorSupport$VectorMask done
Event: 0.057 loading class jdk/internal/vm/vector/VectorSupport$VectorShuffle
Event: 0.057 loading class jdk/internal/vm/vector/VectorSupport$VectorShuffle done
Event: 0.063 loading class java/lang/NullPointerException
Event: 0.063 loading class java/lang/NullPointerException done
Event: 0.063 loading class java/lang/ArithmeticException
Event: 0.063 loading class java/lang/ArithmeticException done


Dynamic libraries:
0x00007ff6506b0000 - 0x00007ff6506be000 	c:\Users\Divyesh\.vscode\extensions\redhat.java-1.32.0-win32-x64\jre\17.0.11-win32-x86_64\bin\java.exe
0x00007fffb8690000 - 0x00007fffb88a7000 	C:\windows\SYSTEM32\ntdll.dll
0x00007fffb6c60000 - 0x00007fffb6d24000 	C:\windows\System32\KERNEL32.DLL
0x00007fffb5b00000 - 0x00007fffb5ead000 	C:\windows\System32\KERNELBASE.dll
0x00007fffb5f20000 - 0x00007fffb6031000 	C:\windows\System32\ucrtbase.dll
0x00007fffae1e0000 - 0x00007fffae1f7000 	c:\Users\Divyesh\.vscode\extensions\redhat.java-1.32.0-win32-x64\jre\17.0.11-win32-x86_64\bin\jli.dll
0x00007fff981a0000 - 0x00007fff981bb000 	c:\Users\Divyesh\.vscode\extensions\redhat.java-1.32.0-win32-x64\jre\17.0.11-win32-x86_64\bin\VCRUNTIME140.dll
0x00007fffb8430000 - 0x00007fffb85de000 	C:\windows\System32\USER32.dll
0x00007fffa3180000 - 0x00007fffa3413000 	C:\windows\WinSxS\amd64_microsoft.windows.common-controls_6595b64144ccf1df_6.0.22621.3672_none_2713b9d173822955\COMCTL32.dll
0x00007fffb6070000 - 0x00007fffb6096000 	C:\windows\System32\win32u.dll
0x00007fffb6b80000 - 0x00007fffb6c27000 	C:\windows\System32\msvcrt.dll
0x00007fffb6c30000 - 0x00007fffb6c59000 	C:\windows\System32\GDI32.dll
0x00007fffb6210000 - 0x00007fffb6329000 	C:\windows\System32\gdi32full.dll
0x00007fffb6330000 - 0x00007fffb63ca000 	C:\windows\System32\msvcp_win.dll
0x00007fffb63d0000 - 0x00007fffb6401000 	C:\windows\System32\IMM32.DLL
0x00007fff9a8a0000 - 0x00007fff9a8ac000 	c:\Users\Divyesh\.vscode\extensions\redhat.java-1.32.0-win32-x64\jre\17.0.11-win32-x86_64\bin\vcruntime140_1.dll
0x00007fff82e10000 - 0x00007fff82e9d000 	c:\Users\Divyesh\.vscode\extensions\redhat.java-1.32.0-win32-x64\jre\17.0.11-win32-x86_64\bin\msvcp140.dll
0x00007fff637a0000 - 0x00007fff64402000 	c:\Users\Divyesh\.vscode\extensions\redhat.java-1.32.0-win32-x64\jre\17.0.11-win32-x86_64\bin\server\jvm.dll
0x00007fffb73a0000 - 0x00007fffb7452000 	C:\windows\System32\ADVAPI32.dll
0x00007fffb8380000 - 0x00007fffb8429000 	C:\windows\System32\sechost.dll
0x00007fffb6040000 - 0x00007fffb6068000 	C:\windows\System32\bcrypt.dll
0x00007fffb65c0000 - 0x00007fffb66d4000 	C:\windows\System32\RPCRT4.dll
0x00007fff905e0000 - 0x00007fff905e9000 	C:\windows\SYSTEM32\WSOCK32.dll
0x00007fffb4820000 - 0x00007fffb486d000 	C:\windows\SYSTEM32\POWRPROF.dll
0x00007fffb1060000 - 0x00007fffb1094000 	C:\windows\SYSTEM32\WINMM.dll
0x00007fffb7310000 - 0x00007fffb7381000 	C:\windows\System32\WS2_32.dll
0x00007fffb0050000 - 0x00007fffb005a000 	C:\windows\SYSTEM32\VERSION.dll
0x00007fffb47f0000 - 0x00007fffb4803000 	C:\windows\SYSTEM32\UMPDC.dll
0x00007fffb4ab0000 - 0x00007fffb4ac8000 	C:\windows\SYSTEM32\kernel.appcore.dll
0x00007fff9a050000 - 0x00007fff9a05a000 	c:\Users\Divyesh\.vscode\extensions\redhat.java-1.32.0-win32-x64\jre\17.0.11-win32-x86_64\bin\jimage.dll
0x00007fffad510000 - 0x00007fffad742000 	C:\windows\SYSTEM32\DBGHELP.DLL
0x00007fffb7600000 - 0x00007fffb7988000 	C:\windows\System32\combase.dll
0x00007fffb68b0000 - 0x00007fffb6987000 	C:\windows\System32\OLEAUT32.dll
0x00007fffa9230000 - 0x00007fffa9262000 	C:\windows\SYSTEM32\dbgcore.DLL
0x00007fffb5a80000 - 0x00007fffb5afb000 	C:\windows\System32\bcryptPrimitives.dll
0x00007fff98190000 - 0x00007fff9819e000 	c:\Users\Divyesh\.vscode\extensions\redhat.java-1.32.0-win32-x64\jre\17.0.11-win32-x86_64\bin\instrument.dll
0x00007fff95d70000 - 0x00007fff95d95000 	c:\Users\Divyesh\.vscode\extensions\redhat.java-1.32.0-win32-x64\jre\17.0.11-win32-x86_64\bin\java.dll
0x00007fff95c80000 - 0x00007fff95c98000 	c:\Users\Divyesh\.vscode\extensions\redhat.java-1.32.0-win32-x64\jre\17.0.11-win32-x86_64\bin\zip.dll

dbghelp: loaded successfully - version: 4.0.5 - missing functions: none
symbol engine: initialized successfully - sym options: 0x614 - pdb path: .;c:\Users\Divyesh\.vscode\extensions\redhat.java-1.32.0-win32-x64\jre\17.0.11-win32-x86_64\bin;C:\windows\SYSTEM32;C:\windows\WinSxS\amd64_microsoft.windows.common-controls_6595b64144ccf1df_6.0.22621.3672_none_2713b9d173822955;c:\Users\Divyesh\.vscode\extensions\redhat.java-1.32.0-win32-x64\jre\17.0.11-win32-x86_64\bin\server

VM Arguments:
jvm_args: --add-modules=ALL-SYSTEM --add-opens=java.base/java.util=ALL-UNNAMED --add-opens=java.base/java.lang=ALL-UNNAMED --add-opens=java.base/sun.nio.fs=ALL-UNNAMED -Declipse.application=org.eclipse.jdt.ls.core.id1 -Dosgi.bundles.defaultStartLevel=4 -Declipse.product=org.eclipse.jdt.ls.core.product -Djava.import.generatesMetadataFilesAtProjectRoot=false -DDetectVMInstallationsJob.disabled=true -Dfile.encoding=utf8 -XX:+UseParallelGC -XX:GCTimeRatio=4 -XX:AdaptiveSizePolicyWeight=90 -Dsun.zip.disableMemoryMapping=true -Xmx1G -Xms100m -Xlog:disable -javaagent:c:\Users\Divyesh\.vscode\extensions\redhat.java-1.32.0-win32-x64\lombok\lombok-1.18.33.jar 
java_command: c:\Users\Divyesh\.vscode\extensions\redhat.java-1.32.0-win32-x64\server\plugins\org.eclipse.equinox.launcher_1.6.900.v20240613-2009.jar -configuration c:\Users\Divyesh\AppData\Roaming\Code\User\globalStorage\redhat.java\1.32.0\config_ss_win -data c:\Users\Divyesh\AppData\Roaming\Code\User\workspaceStorage\ee50519d4876652678f925bc8ee3d49a\redhat.java\ss_ws --pipe=\\.\pipe\lsp-b902960d5fbc85134ae159b8b17d3c4c-sock
java_class_path (initial): c:\Users\Divyesh\.vscode\extensions\redhat.java-1.32.0-win32-x64\server\plugins\org.eclipse.equinox.launcher_1.6.900.v20240613-2009.jar
Launcher Type: SUN_STANDARD

[Global flags]
    uintx AdaptiveSizePolicyWeight                 = 90                                        {product} {command line}
     intx CICompilerCount                          = 12                                        {product} {ergonomic}
    uintx GCTimeRatio                              = 4                                         {product} {command line}
   size_t InitialHeapSize                          = 104857600                                 {product} {command line}
   size_t MaxHeapSize                              = 1073741824                                {product} {command line}
   size_t MaxNewSize                               = 357564416                                 {product} {ergonomic}
   size_t MinHeapDeltaBytes                        = 524288                                    {product} {ergonomic}
   size_t MinHeapSize                              = 104857600                                 {product} {command line}
   size_t NewSize                                  = 34603008                                  {product} {ergonomic}
    uintx NonNMethodCodeHeapSize                   = 7602480                                {pd product} {ergonomic}
    uintx NonProfiledCodeHeapSize                  = 122027880                              {pd product} {ergonomic}
   size_t OldSize                                  = 70254592                                  {product} {ergonomic}
    uintx ProfiledCodeHeapSize                     = 122027880                              {pd product} {ergonomic}
    uintx ReservedCodeCacheSize                    = 251658240                              {pd product} {ergonomic}
     bool SegmentedCodeCache                       = true                                      {product} {ergonomic}
   size_t SoftMaxHeapSize                          = 1073741824                             {manageable} {ergonomic}
     bool UseCompressedClassPointers               = true                           {product lp64_product} {ergonomic}
     bool UseCompressedOops                        = true                           {product lp64_product} {ergonomic}
     bool UseLargePagesIndividualAllocation        = false                                  {pd product} {ergonomic}
     bool UseParallelGC                            = true                                      {product} {command line}

Logging:
Log output configuration:
 #0: stdout all=off uptime,level,tags
 #1: stderr all=off uptime,level,tags

Environment Variables:
JAVA_HOME=C:\Program Files\OpenLogic\jdk-17.0.11.9-hotspot
PATH=C:\Program Files\Microsoft\jdk-17.0.11.9-hotspot\bin;C:\Program Files\OpenLogic\jdk-17.0.11.9-hotspot\bin;C:\windows\system32;C:\windows;C:\windows\System32\Wbem;C:\windows\System32\WindowsPowerShell\v1.0\;C:\windows\System32\OpenSSH\;C:\Program Files (x86)\NVIDIA Corporation\PhysX\Common;C:\Program Files\NVIDIA Corporation\NVIDIA NvDLISR;C:\Program Files\Git\cmd;C:\MinGW\bin;C:\Program Files\dotnet\;C:\ProgramData\chocolatey\bin;C:\Users\Divyesh\AppData\Local\Android\Sdk\platform-tools;C:\Program Files\Java\jdk-17\bin;C:\Users\Divyesh\AppData\Local\Android\Sdk\emulator;C:\Program Files\MongoDB\Server\7.0\bin;C:\Users\Divyesh\AppData\Local\Programs\Eclipse Adoptium\jdk-17.0.9.9-hotspot\;C:\Program Files\OpenLogic\jdk-17.0.11.9-hotspot;C:\Program Files\Docker\Docker\resources\bin;C:\Program Files\nodejs\;C:\Gradle\gradle-8.9\bin;C:\Users\Divyesh\AppData\Local\Programs\Python\Python312\Scripts\;C:\Users\Divyesh\AppData\Local\Programs\Python\Python312\;C:\Users\Divyesh\AppData\Local\Programs\Python\Launcher\;C:\Users\Divyesh\AppData\Local\Microsoft\WindowsApps;C:\Users\Divyesh\AppData\Local\Programs\Microsoft VS Code\bin;C:\Users\Divyesh\AppData\Local\GitHubDesktop\bin;C:\flutter\bin;C:\Program Files\kotlinc\bin;C:\Program Files\nodejs;C:\Program Files\Java\jdk-17\bin;C:\Users\Divyesh\AppData\Local\Android\Sdk\platform-tools;C:\Users\Divyesh\AppData\Local\Android\Sdk;C:\Users\Divyesh\AppData\Local\Android\Sdk\emulator;C:\Program Files\OpenLogic\jdk-17.0.11.9-hotspot;C:\Program Files\JetBrains\IntelliJ IDEA 2024.1.4\bin;;C:\Users\Divyesh\AppData\Roaming\npm;C:\Gradle\gradle-8.9\bin;
USERNAME=Divyesh
OS=Windows_NT
PROCESSOR_IDENTIFIER=AMD64 Family 25 Model 80 Stepping 0, AuthenticAMD
TMP=C:\Users\Divyesh\AppData\Local\Temp
TEMP=C:\Users\Divyesh\AppData\Local\Temp



Periodic native trim disabled


---------------  S Y S T E M  ---------------

OS:
 Windows 11 , 64 bit Build 22621 (10.0.22621.3672)
OS uptime: 0 days 6:23 hours
Hyper-V role detected

CPU: total 16 (initial active 16) (16 cores per cpu, 2 threads per core) family 25 model 80 stepping 0 microcode 0x0, cx8, cmov, fxsr, ht, mmx, 3dnowpref, sse, sse2, sse3, ssse3, sse4a, sse4.1, sse4.2, popcnt, lzcnt, tsc, tscinvbit, avx, avx2, aes, erms, clmul, bmi1, bmi2, adx, sha, fma, vzeroupper, clflush, clflushopt, hv
Processor Information for processor 0
  Max Mhz: 3201, Current Mhz: 1990, Mhz Limit: 3201
Processor Information for processor 1
  Max Mhz: 3201, Current Mhz: 3201, Mhz Limit: 3201
Processor Information for processor 2
  Max Mhz: 3201, Current Mhz: 3201, Mhz Limit: 3201
Processor Information for processor 3
  Max Mhz: 3201, Current Mhz: 1990, Mhz Limit: 3201
Processor Information for processor 4
  Max Mhz: 3201, Current Mhz: 3201, Mhz Limit: 3201
Processor Information for processor 5
  Max Mhz: 3201, Current Mhz: 1990, Mhz Limit: 3201
Processor Information for processor 6
  Max Mhz: 3201, Current Mhz: 1990, Mhz Limit: 3201
Processor Information for processor 7
  Max Mhz: 3201, Current Mhz: 1990, Mhz Limit: 3201
Processor Information for processor 8
  Max Mhz: 3201, Current Mhz: 3201, Mhz Limit: 3201
Processor Information for processor 9
  Max Mhz: 3201, Current Mhz: 1990, Mhz Limit: 3201
Processor Information for processor 10
  Max Mhz: 3201, Current Mhz: 3201, Mhz Limit: 3201
Processor Information for processor 11
  Max Mhz: 3201, Current Mhz: 3201, Mhz Limit: 3201
Processor Information for processor 12
  Max Mhz: 3201, Current Mhz: 3201, Mhz Limit: 3201
Processor Information for processor 13
  Max Mhz: 3201, Current Mhz: 3201, Mhz Limit: 3201
Processor Information for processor 14
  Max Mhz: 3201, Current Mhz: 1990, Mhz Limit: 3201
Processor Information for processor 15
  Max Mhz: 3201, Current Mhz: 1990, Mhz Limit: 3201

Memory: 4k page, system-wide physical 15710M (3965M free)
TotalPageFile size 15710M (AvailPageFile size 10M)
current process WorkingSet (physical memory assigned to process): 16M, peak: 16M
current process commit charge ("private bytes"): 165M, peak: 166M

vm_info: OpenJDK 64-Bit Server VM (17.0.11+9) for windows-amd64 JRE (17.0.11+9), built on Apr 17 2024 06:07:48 by "admin" with MS VC++ 16.10 / 16.11 (VS2019)

END.
