#
# There is insufficient memory for the Java Runtime Environment to continue.
# Native memory allocation (mmap) failed to map 257949696 bytes. Error detail: G1 virtual space
# Possible reasons:
#   The system is out of physical RAM or swap space
#   This process is running with CompressedOops enabled, and the Java Heap may be blocking the growth of the native heap
# Possible solutions:
#   Reduce memory load on the system
#   Increase physical memory or swap space
#   Check if swap backing store is full
#   Decrease Java heap size (-Xmx/-Xms)
#   Decrease number of Java threads
#   Decrease Java thread stack sizes (-Xss)
#   Set larger code cache with -XX:ReservedCodeCacheSize=
#   JVM is running with Zero Based Compressed Oops mode in which the Java heap is
#     placed in the first 32GB address space. The Java Heap base address is the
#     maximum limit for the native heap growth. Please use -XX:HeapBaseMinAddress
#     to set the Java Heap base and to place the Java Heap above 32GB virtual address.
# This output file may be truncated or incomplete.
#
#  Out of Memory Error (os_windows.cpp:3613), pid=20144, tid=21948
#
# JRE version:  (17.0.11+9) (build )
# Java VM: OpenJDK 64-Bit Server VM (17.0.11+9-adhoc..jdk17u, mixed mode, sharing, tiered, compressed oops, compressed class ptrs, g1 gc, windows-amd64)
# No core dump will be written. Minidumps are not enabled by default on client versions of Windows
#

---------------  S U M M A R Y ------------

Command Line: -Dfile.encoding=utf8 c:\Users\Divyesh\.vscode\extensions\vscjava.vscode-gradle-3.15.0\lib\gradle-language-server.jar

Host: AMD Ryzen 7 5800H with Radeon Graphics         , 16 cores, 15G,  Windows 11 , 64 bit Build 22621 (10.0.22621.3672)
Time: Sun Jul 21 18:07:41 2024 India Standard Time elapsed time: 0.010547 seconds (0d 0h 0m 0s)

---------------  T H R E A D  ---------------

Current thread (0x0000023e2659d7e0):  JavaThread "Unknown thread" [_thread_in_vm, id=21948, stack(0x000000522b800000,0x000000522b900000)]

Stack: [0x000000522b800000,0x000000522b900000]
Native frames: (J=compiled Java code, j=interpreted, Vv=VM code, C=native code)
V  [jvm.dll+0x67d009]
V  [jvm.dll+0x8348aa]
V  [jvm.dll+0x83636e]
V  [jvm.dll+0x8369d3]
V  [jvm.dll+0x2479df]
V  [jvm.dll+0x679e49]
V  [jvm.dll+0x66e8ba]
V  [jvm.dll+0x30755b]
V  [jvm.dll+0x30ea06]
V  [jvm.dll+0x35e40e]
V  [jvm.dll+0x35e63f]
V  [jvm.dll+0x2de298]
V  [jvm.dll+0x2df204]
V  [jvm.dll+0x806231]
V  [jvm.dll+0x36c161]
V  [jvm.dll+0x7e4c66]
V  [jvm.dll+0x3ef9cf]
V  [jvm.dll+0x3f1521]
C  [jli.dll+0x528f]
C  [ucrtbase.dll+0x29333]
C  [KERNEL32.DLL+0x1257d]
C  [ntdll.dll+0x5af28]


---------------  P R O C E S S  ---------------

Threads class SMR info:
_java_thread_list=0x00007fff127beed8, length=0, elements={
}

Java Threads: ( => current thread )

Other Threads:
  0x0000023e287682b0 GCTaskThread "GC Thread#0" [stack: 0x000000522b900000,0x000000522ba00000] [id=1368]
  0x0000023e28778780 ConcurrentGCThread "G1 Main Marker" [stack: 0x000000522ba00000,0x000000522bb00000] [id=6664]
  0x0000023e2877b850 ConcurrentGCThread "G1 Conc#0" [stack: 0x000000522bb00000,0x000000522bc00000] [id=20516]

[error occurred during error reporting (printing all threads), id 0xc0000005, EXCEPTION_ACCESS_VIOLATION (0xc0000005) at pc=0x00007fff11f7ecd7]

VM state: not at safepoint (not fully initialized)

VM Mutex/Monitor currently owned by a thread:  ([mutex/lock_event])
[0x0000023e286fcdf0] Heap_lock - owner thread: 0x0000023e2659d7e0

Heap address: 0x000000070a800000, size: 3928 MB, Compressed Oops mode: Zero based, Oop shift amount: 3

CDS archive(s) mapped at: [0x0000000000000000-0x0000000000000000-0x0000000000000000), size 0, SharedBaseAddress: 0x0000000800000000, ArchiveRelocationMode: 1.
Narrow klass base: 0x0000000000000000, Narrow klass shift: 0, Narrow klass range: 0x0

GC Precious Log:
<Empty>

Heap:
 garbage-first heap   total 0K, used 0K [0x000000070a800000, 0x0000000800000000)
  region size 2048K, 0 young (0K), 0 survivors (0K)

[error occurred during error reporting (printing heap information), id 0xc0000005, EXCEPTION_ACCESS_VIOLATION (0xc0000005) at pc=0x00007fff12366d29]

GC Heap History (0 events):
No events

Dll operation events (1 events):
Event: 0.007 Loaded shared library C:\Program Files\OpenLogic\jdk-17.0.11.9-hotspot\bin\java.dll

Deoptimization events (0 events):
No events

Classes unloaded (0 events):
No events

Classes redefined (0 events):
No events

Internal exceptions (0 events):
No events

VM Operations (0 events):
No events

Events (0 events):
No events


Dynamic libraries:
0x00007ff7dad00000 - 0x00007ff7dad0e000 	C:\Program Files\OpenLogic\jdk-17.0.11.9-hotspot\bin\java.exe
0x00007fffb8690000 - 0x00007fffb88a7000 	C:\windows\SYSTEM32\ntdll.dll
0x00007fffb6c60000 - 0x00007fffb6d24000 	C:\windows\System32\KERNEL32.DLL
0x00007fffb5b00000 - 0x00007fffb5ead000 	C:\windows\System32\KERNELBASE.dll
0x00007fffb5f20000 - 0x00007fffb6031000 	C:\windows\System32\ucrtbase.dll
0x00007fff9ac50000 - 0x00007fff9ac6b000 	C:\Program Files\OpenLogic\jdk-17.0.11.9-hotspot\bin\VCRUNTIME140.dll
0x00007fff9a260000 - 0x00007fff9a277000 	C:\Program Files\OpenLogic\jdk-17.0.11.9-hotspot\bin\jli.dll
0x00007fffb8430000 - 0x00007fffb85de000 	C:\windows\System32\USER32.dll
0x00007fffb6070000 - 0x00007fffb6096000 	C:\windows\System32\win32u.dll
0x00007fffa3180000 - 0x00007fffa3413000 	C:\windows\WinSxS\amd64_microsoft.windows.common-controls_6595b64144ccf1df_6.0.22621.3672_none_2713b9d173822955\COMCTL32.dll
0x00007fffb6c30000 - 0x00007fffb6c59000 	C:\windows\System32\GDI32.dll
0x00007fffb6b80000 - 0x00007fffb6c27000 	C:\windows\System32\msvcrt.dll
0x00007fffb6210000 - 0x00007fffb6329000 	C:\windows\System32\gdi32full.dll
0x00007fffb6330000 - 0x00007fffb63ca000 	C:\windows\System32\msvcp_win.dll
0x00007fffb63d0000 - 0x00007fffb6401000 	C:\windows\System32\IMM32.DLL
0x00007fffb1120000 - 0x00007fffb112c000 	C:\Program Files\OpenLogic\jdk-17.0.11.9-hotspot\bin\vcruntime140_1.dll
0x00007fff97ed0000 - 0x00007fff97f5d000 	C:\Program Files\OpenLogic\jdk-17.0.11.9-hotspot\bin\msvcp140.dll
0x00007fff11c90000 - 0x00007fff128f2000 	C:\Program Files\OpenLogic\jdk-17.0.11.9-hotspot\bin\server\jvm.dll
0x00007fffb73a0000 - 0x00007fffb7452000 	C:\windows\System32\ADVAPI32.dll
0x00007fffb8380000 - 0x00007fffb8429000 	C:\windows\System32\sechost.dll
0x00007fffb6040000 - 0x00007fffb6068000 	C:\windows\System32\bcrypt.dll
0x00007fffb65c0000 - 0x00007fffb66d4000 	C:\windows\System32\RPCRT4.dll
0x00007fffb4820000 - 0x00007fffb486d000 	C:\windows\SYSTEM32\POWRPROF.dll
0x00007fff905e0000 - 0x00007fff905e9000 	C:\windows\SYSTEM32\WSOCK32.dll
0x00007fffb1060000 - 0x00007fffb1094000 	C:\windows\SYSTEM32\WINMM.dll
0x00007fffb7310000 - 0x00007fffb7381000 	C:\windows\System32\WS2_32.dll
0x00007fffb0050000 - 0x00007fffb005a000 	C:\windows\SYSTEM32\VERSION.dll
0x00007fffb47f0000 - 0x00007fffb4803000 	C:\windows\SYSTEM32\UMPDC.dll
0x00007fffb4ab0000 - 0x00007fffb4ac8000 	C:\windows\SYSTEM32\kernel.appcore.dll
0x00007fffb10c0000 - 0x00007fffb10ca000 	C:\Program Files\OpenLogic\jdk-17.0.11.9-hotspot\bin\jimage.dll
0x00007fffad510000 - 0x00007fffad742000 	C:\windows\SYSTEM32\DBGHELP.DLL
0x00007fffb7600000 - 0x00007fffb7988000 	C:\windows\System32\combase.dll
0x00007fffb68b0000 - 0x00007fffb6987000 	C:\windows\System32\OLEAUT32.dll
0x00007fffa9230000 - 0x00007fffa9262000 	C:\windows\SYSTEM32\dbgcore.DLL
0x00007fffb5a80000 - 0x00007fffb5afb000 	C:\windows\System32\bcryptPrimitives.dll
0x00007fff9a060000 - 0x00007fff9a085000 	C:\Program Files\OpenLogic\jdk-17.0.11.9-hotspot\bin\java.dll

dbghelp: loaded successfully - version: 4.0.5 - missing functions: none
symbol engine: initialized successfully - sym options: 0x614 - pdb path: .;C:\Program Files\OpenLogic\jdk-17.0.11.9-hotspot\bin;C:\windows\SYSTEM32;C:\windows\WinSxS\amd64_microsoft.windows.common-controls_6595b64144ccf1df_6.0.22621.3672_none_2713b9d173822955;C:\Program Files\OpenLogic\jdk-17.0.11.9-hotspot\bin\server

VM Arguments:
jvm_args: -Dfile.encoding=utf8 
java_command: c:\Users\Divyesh\.vscode\extensions\vscjava.vscode-gradle-3.15.0\lib\gradle-language-server.jar
java_class_path (initial): c:\Users\Divyesh\.vscode\extensions\vscjava.vscode-gradle-3.15.0\lib\gradle-language-server.jar
Launcher Type: SUN_STANDARD

[Global flags]
     intx CICompilerCount                          = 12                                        {product} {ergonomic}
     uint ConcGCThreads                            = 3                                         {product} {ergonomic}
     uint G1ConcRefinementThreads                  = 13                                        {product} {ergonomic}
   size_t G1HeapRegionSize                         = 2097152                                   {product} {ergonomic}
    uintx GCDrainStackTargetSize                   = 64                                        {product} {ergonomic}
   size_t InitialHeapSize                          = 257949696                                 {product} {ergonomic}
   size_t MarkStackSize                            = 4194304                                   {product} {ergonomic}
   size_t MaxHeapSize                              = 4118806528                                {product} {ergonomic}
   size_t MinHeapDeltaBytes                        = 2097152                                   {product} {ergonomic}
   size_t MinHeapSize                              = 8388608                                   {product} {ergonomic}
    uintx NonNMethodCodeHeapSize                   = 7602480                                {pd product} {ergonomic}
    uintx NonProfiledCodeHeapSize                  = 122027880                              {pd product} {ergonomic}
    uintx ProfiledCodeHeapSize                     = 122027880                              {pd product} {ergonomic}
    uintx ReservedCodeCacheSize                    = 251658240                              {pd product} {ergonomic}
     bool SegmentedCodeCache                       = true                                      {product} {ergonomic}
   size_t SoftMaxHeapSize                          = 4118806528                             {manageable} {ergonomic}
     bool UseCompressedClassPointers               = true                           {product lp64_product} {ergonomic}
     bool UseCompressedOops                        = true                           {product lp64_product} {ergonomic}
     bool UseG1GC                                  = true                                      {product} {ergonomic}
     bool UseLargePagesIndividualAllocation        = false                                  {pd product} {ergonomic}

Logging:
Log output configuration:
 #0: stdout all=warning uptime,level,tags
 #1: stderr all=off uptime,level,tags

Environment Variables:
JAVA_HOME=C:\Program Files\OpenLogic\jdk-17.0.11.9-hotspot
PATH=C:\Program Files\Microsoft\jdk-17.0.11.9-hotspot\bin;C:\Program Files\OpenLogic\jdk-17.0.11.9-hotspot\bin;C:\windows\system32;C:\windows;C:\windows\System32\Wbem;C:\windows\System32\WindowsPowerShell\v1.0\;C:\windows\System32\OpenSSH\;C:\Program Files (x86)\NVIDIA Corporation\PhysX\Common;C:\Program Files\NVIDIA Corporation\NVIDIA NvDLISR;C:\Program Files\Git\cmd;C:\MinGW\bin;C:\Program Files\dotnet\;C:\ProgramData\chocolatey\bin;C:\Users\Divyesh\AppData\Local\Android\Sdk\platform-tools;C:\Program Files\Java\jdk-17\bin;C:\Users\Divyesh\AppData\Local\Android\Sdk\emulator;C:\Program Files\MongoDB\Server\7.0\bin;C:\Users\Divyesh\AppData\Local\Programs\Eclipse Adoptium\jdk-17.0.9.9-hotspot\;C:\Program Files\OpenLogic\jdk-17.0.11.9-hotspot;C:\Program Files\Docker\Docker\resources\bin;C:\Program Files\nodejs\;C:\Gradle\gradle-8.9\bin;C:\Users\Divyesh\AppData\Local\Programs\Python\Python312\Scripts\;C:\Users\Divyesh\AppData\Local\Programs\Python\Python312\;C:\Users\Divyesh\AppData\Local\Programs\Python\Launcher\;C:\Users\Divyesh\AppData\Local\Microsoft\WindowsApps;C:\Users\Divyesh\AppData\Local\Programs\Microsoft VS Code\bin;C:\Users\Divyesh\AppData\Local\GitHubDesktop\bin;C:\flutter\bin;C:\Program Files\kotlinc\bin;C:\Program Files\nodejs;C:\Program Files\Java\jdk-17\bin;C:\Users\Divyesh\AppData\Local\Android\Sdk\platform-tools;C:\Users\Divyesh\AppData\Local\Android\Sdk;C:\Users\Divyesh\AppData\Local\Android\Sdk\emulator;C:\Program Files\OpenLogic\jdk-17.0.11.9-hotspot;C:\Program Files\JetBrains\IntelliJ IDEA 2024.1.4\bin;;C:\Users\Divyesh\AppData\Roaming\npm;C:\Gradle\gradle-8.9\bin;
USERNAME=Divyesh
OS=Windows_NT
PROCESSOR_IDENTIFIER=AMD64 Family 25 Model 80 Stepping 0, AuthenticAMD
TMP=C:\Users\Divyesh\AppData\Local\Temp
TEMP=C:\Users\Divyesh\AppData\Local\Temp



Periodic native trim disabled


---------------  S Y S T E M  ---------------

OS:
 Windows 11 , 64 bit Build 22621 (10.0.22621.3672)
OS uptime: 0 days 6:23 hours
Hyper-V role detected

CPU: total 16 (initial active 16) (16 cores per cpu, 2 threads per core) family 25 model 80 stepping 0 microcode 0x0, cx8, cmov, fxsr, ht, mmx, 3dnowpref, sse, sse2, sse3, ssse3, sse4a, sse4.1, sse4.2, popcnt, lzcnt, tsc, tscinvbit, avx, avx2, aes, erms, clmul, bmi1, bmi2, adx, sha, fma, vzeroupper, clflush, clflushopt, hv
Processor Information for processor 0
  Max Mhz: 3201, Current Mhz: 3201, Mhz Limit: 3201
Processor Information for processor 1
  Max Mhz: 3201, Current Mhz: 3201, Mhz Limit: 3201
Processor Information for processor 2
  Max Mhz: 3201, Current Mhz: 1990, Mhz Limit: 3201
Processor Information for processor 3
  Max Mhz: 3201, Current Mhz: 1990, Mhz Limit: 3201
Processor Information for processor 4
  Max Mhz: 3201, Current Mhz: 3201, Mhz Limit: 3201
Processor Information for processor 5
  Max Mhz: 3201, Current Mhz: 3201, Mhz Limit: 3201
Processor Information for processor 6
  Max Mhz: 3201, Current Mhz: 1990, Mhz Limit: 3201
Processor Information for processor 7
  Max Mhz: 3201, Current Mhz: 3201, Mhz Limit: 3201
Processor Information for processor 8
  Max Mhz: 3201, Current Mhz: 3201, Mhz Limit: 3201
Processor Information for processor 9
  Max Mhz: 3201, Current Mhz: 1990, Mhz Limit: 3201
Processor Information for processor 10
  Max Mhz: 3201, Current Mhz: 3201, Mhz Limit: 3201
Processor Information for processor 11
  Max Mhz: 3201, Current Mhz: 3201, Mhz Limit: 3201
Processor Information for processor 12
  Max Mhz: 3201, Current Mhz: 1990, Mhz Limit: 3201
Processor Information for processor 13
  Max Mhz: 3201, Current Mhz: 3201, Mhz Limit: 3201
Processor Information for processor 14
  Max Mhz: 3201, Current Mhz: 3201, Mhz Limit: 3201
Processor Information for processor 15
  Max Mhz: 3201, Current Mhz: 1990, Mhz Limit: 3201

Memory: 4k page, system-wide physical 15710M (3949M free)
TotalPageFile size 15710M (AvailPageFile size 17M)
current process WorkingSet (physical memory assigned to process): 11M, peak: 11M
current process commit charge ("private bytes"): 71M, peak: 316M

vm_info: OpenJDK 64-Bit Server VM (17.0.11+9-adhoc..jdk17u) for windows-amd64 JRE (17.0.11+9-adhoc..jdk17u), built on Apr 19 2024 08:33:45 by "" with MS VC++ 16.10 / 16.11 (VS2019)

END.
