#
# There is insufficient memory for the Java Runtime Environment to continue.
# Native memory allocation (mmap) failed to map 65536 bytes. Error detail: Failed to commit metaspace.
# Possible reasons:
#   The system is out of physical RAM or swap space
#   This process is running with CompressedOops enabled, and the Java Heap may be blocking the growth of the native heap
# Possible solutions:
#   Reduce memory load on the system
#   Increase physical memory or swap space
#   Check if swap backing store is full
#   Decrease Java heap size (-Xmx/-Xms)
#   Decrease number of Java threads
#   Decrease Java thread stack sizes (-Xss)
#   Set larger code cache with -XX:ReservedCodeCacheSize=
#   JVM is running with Zero Based Compressed Oops mode in which the Java heap is
#     placed in the first 32GB address space. The Java Heap base address is the
#     maximum limit for the native heap growth. Please use -XX:HeapBaseMinAddress
#     to set the Java Heap base and to place the Java Heap above 32GB virtual address.
# This output file may be truncated or incomplete.
#
#  Out of Memory Error (virtualSpaceNode.cpp:110), pid=17116, tid=1752
#
# JRE version: OpenJDK Runtime Environment OpenLogic-OpenJDK (17.0.11+9) (build 17.0.11+9-adhoc..jdk17u)
# Java VM: OpenJDK 64-Bit Server VM OpenLogic-OpenJDK (17.0.11+9-adhoc..jdk17u, mixed mode, sharing, tiered, compressed oops, compressed class ptrs, g1 gc, windows-amd64)
# No core dump will be written. Minidumps are not enabled by default on client versions of Windows
#

---------------  S U M M A R Y ------------

Command Line: -Dfile.encoding=utf8 c:\Users\Divyesh\.vscode\extensions\vscjava.vscode-gradle-3.15.0\lib\gradle-language-server.jar

Host: AMD Ryzen 7 5800H with Radeon Graphics         , 16 cores, 15G,  Windows 11 , 64 bit Build 22621 (10.0.22621.3672)
Time: Sun Jul 21 18:06:59 2024 India Standard Time elapsed time: 0.171197 seconds (0d 0h 0m 0s)

---------------  T H R E A D  ---------------

Current thread (0x000002490c32d380):  JavaThread "main" [_thread_in_vm, id=1752, stack(0x000000a52f200000,0x000000a52f300000)]

Stack: [0x000000a52f200000,0x000000a52f300000]
Native frames: (J=compiled Java code, j=interpreted, Vv=VM code, C=native code)
V  [jvm.dll+0x67d009]
V  [jvm.dll+0x8348aa]
V  [jvm.dll+0x83636e]
V  [jvm.dll+0x8369d3]
V  [jvm.dll+0x2479df]
V  [jvm.dll+0x83056b]
V  [jvm.dll+0x621936]
V  [jvm.dll+0x1c1a2e]
V  [jvm.dll+0x624291]
V  [jvm.dll+0x6222d6]
V  [jvm.dll+0x23d330]
V  [jvm.dll+0x1ec44b]
V  [jvm.dll+0x1e1df1]
V  [jvm.dll+0x54211e]
V  [jvm.dll+0x7ae9f8]
V  [jvm.dll+0x7aeae4]
V  [jvm.dll+0x4102a5]
V  [jvm.dll+0x416419]
C  [java.dll+0x17ec]

Java frames: (J=compiled Java code, j=interpreted, Vv=VM code)
j  java.lang.ClassLoader.defineClass1(Ljava/lang/ClassLoader;Ljava/lang/String;[BIILjava/security/ProtectionDomain;Ljava/lang/String;)Ljava/lang/Class;+0 java.base@17.0.11
j  java.lang.ClassLoader.defineClass(Ljava/lang/String;[BIILjava/security/ProtectionDomain;)Ljava/lang/Class;+27 java.base@17.0.11
j  java.security.SecureClassLoader.defineClass(Ljava/lang/String;[BIILjava/security/CodeSource;)Ljava/lang/Class;+12 java.base@17.0.11
j  jdk.internal.loader.BuiltinClassLoader.defineClass(Ljava/lang/String;Ljdk/internal/loader/Resource;)Ljava/lang/Class;+117 java.base@17.0.11
j  jdk.internal.loader.BuiltinClassLoader.findClassOnClassPathOrNull(Ljava/lang/String;)Ljava/lang/Class;+37 java.base@17.0.11
j  jdk.internal.loader.BuiltinClassLoader.loadClassOrNull(Ljava/lang/String;Z)Ljava/lang/Class;+111 java.base@17.0.11
j  jdk.internal.loader.BuiltinClassLoader.loadClass(Ljava/lang/String;Z)Ljava/lang/Class;+3 java.base@17.0.11
j  jdk.internal.loader.ClassLoaders$AppClassLoader.loadClass(Ljava/lang/String;Z)Ljava/lang/Class;+36 java.base@17.0.11
j  java.lang.ClassLoader.loadClass(Ljava/lang/String;)Ljava/lang/Class;+3 java.base@17.0.11
v  ~StubRoutines::call_stub
j  com.microsoft.gradle.handlers.MavenIndexCompletionHandler.<init>()V+31
j  com.microsoft.gradle.GradleServices.<init>()V+101
j  com.microsoft.gradle.GradleLanguageServer.<init>()V+9
j  com.microsoft.gradle.GradleLanguageServer.main([Ljava/lang/String;)V+4
v  ~StubRoutines::call_stub

---------------  P R O C E S S  ---------------

Threads class SMR info:
_java_thread_list=0x0000024932dc1650, length=16, elements={
0x000002490c32d380, 0x0000024932bf81f0, 0x0000024932bf8e70, 0x0000024932c09c40,
0x0000024932c0b610, 0x0000024932c0bfd0, 0x0000024932c0c990, 0x0000024932c11b40,
0x0000024932c20a60, 0x0000024932c41380, 0x0000024932cfccb0, 0x0000024932dd3810,
0x0000024932dd6150, 0x0000024978120540, 0x0000024978136600, 0x0000024978175890
}

Java Threads: ( => current thread )
=>0x000002490c32d380 JavaThread "main" [_thread_in_vm, id=1752, stack(0x000000a52f200000,0x000000a52f300000)]
  0x0000024932bf81f0 JavaThread "Reference Handler" daemon [_thread_blocked, id=17164, stack(0x000000a52f900000,0x000000a52fa00000)]
  0x0000024932bf8e70 JavaThread "Finalizer" daemon [_thread_blocked, id=19344, stack(0x000000a52fa00000,0x000000a52fb00000)]
  0x0000024932c09c40 JavaThread "Signal Dispatcher" daemon [_thread_blocked, id=7932, stack(0x000000a52fb00000,0x000000a52fc00000)]
  0x0000024932c0b610 JavaThread "Attach Listener" daemon [_thread_blocked, id=14448, stack(0x000000a52fc00000,0x000000a52fd00000)]
  0x0000024932c0bfd0 JavaThread "Service Thread" daemon [_thread_blocked, id=16628, stack(0x000000a52fd00000,0x000000a52fe00000)]
  0x0000024932c0c990 JavaThread "Monitor Deflation Thread" daemon [_thread_blocked, id=14848, stack(0x000000a52fe00000,0x000000a52ff00000)]
  0x0000024932c11b40 JavaThread "C2 CompilerThread0" daemon [_thread_blocked, id=9400, stack(0x000000a52ff00000,0x000000a530000000)]
  0x0000024932c20a60 JavaThread "C1 CompilerThread0" daemon [_thread_blocked, id=17900, stack(0x000000a530000000,0x000000a530100000)]
  0x0000024932c41380 JavaThread "Sweeper thread" daemon [_thread_blocked, id=18120, stack(0x000000a530100000,0x000000a530200000)]
  0x0000024932cfccb0 JavaThread "C1 CompilerThread1" daemon [_thread_blocked, id=20672, stack(0x000000a530200000,0x000000a530300000)]
  0x0000024932dd3810 JavaThread "Notification Thread" daemon [_thread_blocked, id=14356, stack(0x000000a530300000,0x000000a530400000)]
  0x0000024932dd6150 JavaThread "Common-Cleaner" daemon [_thread_blocked, id=19700, stack(0x000000a530500000,0x000000a530600000)]
  0x0000024978120540 JavaThread "C1 CompilerThread2" daemon [_thread_blocked, id=12604, stack(0x000000a530600000,0x000000a530700000)]
  0x0000024978136600 JavaThread "C1 CompilerThread3" daemon [_thread_blocked, id=9376, stack(0x000000a530700000,0x000000a530800000)]
  0x0000024978175890 JavaThread "C2 CompilerThread1" daemon [_thread_blocked, id=6380, stack(0x000000a530800000,0x000000a530900000)]

Other Threads:
  0x0000024932ade580 VMThread "VM Thread" [stack: 0x000000a52f800000,0x000000a52f900000] [id=22088]
  0x0000024932dd5d00 WatcherThread [stack: 0x000000a530400000,0x000000a530500000] [id=348]
  0x000002490c3982c0 GCTaskThread "GC Thread#0" [stack: 0x000000a52f300000,0x000000a52f400000] [id=10836]
  0x000002490c3a8790 ConcurrentGCThread "G1 Main Marker" [stack: 0x000000a52f400000,0x000000a52f500000] [id=12100]
  0x000002490c3ab860 ConcurrentGCThread "G1 Conc#0" [stack: 0x000000a52f500000,0x000000a52f600000] [id=22236]
  0x0000024932997260 ConcurrentGCThread "G1 Refine#0" [stack: 0x000000a52f600000,0x000000a52f700000] [id=16736]
  0x0000024932997b90 ConcurrentGCThread "G1 Service" [stack: 0x000000a52f700000,0x000000a52f800000] [id=7292]

Threads with active compile tasks:

VM state: not at safepoint (normal execution)

VM Mutex/Monitor currently owned by a thread:  ([mutex/lock_event])
[0x000002490c329060] Metaspace_lock - owner thread: 0x000002490c32d380

Heap address: 0x000000070a800000, size: 3928 MB, Compressed Oops mode: Zero based, Oop shift amount: 3

CDS archive(s) mapped at: [0x0000024933000000-0x0000024933bc0000-0x0000024933bc0000), size 12320768, SharedBaseAddress: 0x0000024933000000, ArchiveRelocationMode: 1.
Compressed class space mapped at: 0x0000024934000000-0x0000024974000000, reserved size: 1073741824
Narrow klass base: 0x0000024933000000, Narrow klass shift: 0, Narrow klass range: 0x100000000

GC Precious Log:
 CPUs: 16 total, 16 available
 Memory: 15710M
 Large Page Support: Disabled
 NUMA Support: Disabled
 Compressed Oops: Enabled (Zero based)
 Heap Region Size: 2M
 Heap Min Capacity: 8M
 Heap Initial Capacity: 246M
 Heap Max Capacity: 3928M
 Pre-touch: Disabled
 Parallel Workers: 13
 Concurrent Workers: 3
 Concurrent Refinement Workers: 13
 Periodic GC: Disabled

Heap:
 garbage-first heap   total 251904K, used 6144K [0x000000070a800000, 0x0000000800000000)
  region size 2048K, 5 young (10240K), 0 survivors (0K)
 Metaspace       used 3101K, committed 3200K, reserved 1114112K
  class space    used 318K, committed 384K, reserved 1048576K

Heap Regions: E=young(eden), S=young(survivor), O=old, HS=humongous(starts), HC=humongous(continues), CS=collection set, F=free, OA=open archive, CA=closed archive, TAMS=top-at-mark-start (previous, next)
|   0|0x000000070a800000, 0x000000070a800000, 0x000000070aa00000|  0%| F|  |TAMS 0x000000070a800000, 0x000000070a800000| Untracked 
|   1|0x000000070aa00000, 0x000000070aa00000, 0x000000070ac00000|  0%| F|  |TAMS 0x000000070aa00000, 0x000000070aa00000| Untracked 
|   2|0x000000070ac00000, 0x000000070ac00000, 0x000000070ae00000|  0%| F|  |TAMS 0x000000070ac00000, 0x000000070ac00000| Untracked 
|   3|0x000000070ae00000, 0x000000070ae00000, 0x000000070b000000|  0%| F|  |TAMS 0x000000070ae00000, 0x000000070ae00000| Untracked 
|   4|0x000000070b000000, 0x000000070b000000, 0x000000070b200000|  0%| F|  |TAMS 0x000000070b000000, 0x000000070b000000| Untracked 
|   5|0x000000070b200000, 0x000000070b200000, 0x000000070b400000|  0%| F|  |TAMS 0x000000070b200000, 0x000000070b200000| Untracked 
|   6|0x000000070b400000, 0x000000070b400000, 0x000000070b600000|  0%| F|  |TAMS 0x000000070b400000, 0x000000070b400000| Untracked 
|   7|0x000000070b600000, 0x000000070b600000, 0x000000070b800000|  0%| F|  |TAMS 0x000000070b600000, 0x000000070b600000| Untracked 
|   8|0x000000070b800000, 0x000000070b800000, 0x000000070ba00000|  0%| F|  |TAMS 0x000000070b800000, 0x000000070b800000| Untracked 
|   9|0x000000070ba00000, 0x000000070ba00000, 0x000000070bc00000|  0%| F|  |TAMS 0x000000070ba00000, 0x000000070ba00000| Untracked 
|  10|0x000000070bc00000, 0x000000070bc00000, 0x000000070be00000|  0%| F|  |TAMS 0x000000070bc00000, 0x000000070bc00000| Untracked 
|  11|0x000000070be00000, 0x000000070be00000, 0x000000070c000000|  0%| F|  |TAMS 0x000000070be00000, 0x000000070be00000| Untracked 
|  12|0x000000070c000000, 0x000000070c000000, 0x000000070c200000|  0%| F|  |TAMS 0x000000070c000000, 0x000000070c000000| Untracked 
|  13|0x000000070c200000, 0x000000070c200000, 0x000000070c400000|  0%| F|  |TAMS 0x000000070c200000, 0x000000070c200000| Untracked 
|  14|0x000000070c400000, 0x000000070c400000, 0x000000070c600000|  0%| F|  |TAMS 0x000000070c400000, 0x000000070c400000| Untracked 
|  15|0x000000070c600000, 0x000000070c600000, 0x000000070c800000|  0%| F|  |TAMS 0x000000070c600000, 0x000000070c600000| Untracked 
|  16|0x000000070c800000, 0x000000070c800000, 0x000000070ca00000|  0%| F|  |TAMS 0x000000070c800000, 0x000000070c800000| Untracked 
|  17|0x000000070ca00000, 0x000000070ca00000, 0x000000070cc00000|  0%| F|  |TAMS 0x000000070ca00000, 0x000000070ca00000| Untracked 
|  18|0x000000070cc00000, 0x000000070cc00000, 0x000000070ce00000|  0%| F|  |TAMS 0x000000070cc00000, 0x000000070cc00000| Untracked 
|  19|0x000000070ce00000, 0x000000070ce00000, 0x000000070d000000|  0%| F|  |TAMS 0x000000070ce00000, 0x000000070ce00000| Untracked 
|  20|0x000000070d000000, 0x000000070d000000, 0x000000070d200000|  0%| F|  |TAMS 0x000000070d000000, 0x000000070d000000| Untracked 
|  21|0x000000070d200000, 0x000000070d200000, 0x000000070d400000|  0%| F|  |TAMS 0x000000070d200000, 0x000000070d200000| Untracked 
|  22|0x000000070d400000, 0x000000070d400000, 0x000000070d600000|  0%| F|  |TAMS 0x000000070d400000, 0x000000070d400000| Untracked 
|  23|0x000000070d600000, 0x000000070d600000, 0x000000070d800000|  0%| F|  |TAMS 0x000000070d600000, 0x000000070d600000| Untracked 
|  24|0x000000070d800000, 0x000000070d800000, 0x000000070da00000|  0%| F|  |TAMS 0x000000070d800000, 0x000000070d800000| Untracked 
|  25|0x000000070da00000, 0x000000070da00000, 0x000000070dc00000|  0%| F|  |TAMS 0x000000070da00000, 0x000000070da00000| Untracked 
|  26|0x000000070dc00000, 0x000000070dc00000, 0x000000070de00000|  0%| F|  |TAMS 0x000000070dc00000, 0x000000070dc00000| Untracked 
|  27|0x000000070de00000, 0x000000070de00000, 0x000000070e000000|  0%| F|  |TAMS 0x000000070de00000, 0x000000070de00000| Untracked 
|  28|0x000000070e000000, 0x000000070e000000, 0x000000070e200000|  0%| F|  |TAMS 0x000000070e000000, 0x000000070e000000| Untracked 
|  29|0x000000070e200000, 0x000000070e200000, 0x000000070e400000|  0%| F|  |TAMS 0x000000070e200000, 0x000000070e200000| Untracked 
|  30|0x000000070e400000, 0x000000070e400000, 0x000000070e600000|  0%| F|  |TAMS 0x000000070e400000, 0x000000070e400000| Untracked 
|  31|0x000000070e600000, 0x000000070e600000, 0x000000070e800000|  0%| F|  |TAMS 0x000000070e600000, 0x000000070e600000| Untracked 
|  32|0x000000070e800000, 0x000000070e800000, 0x000000070ea00000|  0%| F|  |TAMS 0x000000070e800000, 0x000000070e800000| Untracked 
|  33|0x000000070ea00000, 0x000000070ea00000, 0x000000070ec00000|  0%| F|  |TAMS 0x000000070ea00000, 0x000000070ea00000| Untracked 
|  34|0x000000070ec00000, 0x000000070ec00000, 0x000000070ee00000|  0%| F|  |TAMS 0x000000070ec00000, 0x000000070ec00000| Untracked 
|  35|0x000000070ee00000, 0x000000070ee00000, 0x000000070f000000|  0%| F|  |TAMS 0x000000070ee00000, 0x000000070ee00000| Untracked 
|  36|0x000000070f000000, 0x000000070f000000, 0x000000070f200000|  0%| F|  |TAMS 0x000000070f000000, 0x000000070f000000| Untracked 
|  37|0x000000070f200000, 0x000000070f200000, 0x000000070f400000|  0%| F|  |TAMS 0x000000070f200000, 0x000000070f200000| Untracked 
|  38|0x000000070f400000, 0x000000070f400000, 0x000000070f600000|  0%| F|  |TAMS 0x000000070f400000, 0x000000070f400000| Untracked 
|  39|0x000000070f600000, 0x000000070f600000, 0x000000070f800000|  0%| F|  |TAMS 0x000000070f600000, 0x000000070f600000| Untracked 
|  40|0x000000070f800000, 0x000000070f800000, 0x000000070fa00000|  0%| F|  |TAMS 0x000000070f800000, 0x000000070f800000| Untracked 
|  41|0x000000070fa00000, 0x000000070fa00000, 0x000000070fc00000|  0%| F|  |TAMS 0x000000070fa00000, 0x000000070fa00000| Untracked 
|  42|0x000000070fc00000, 0x000000070fc00000, 0x000000070fe00000|  0%| F|  |TAMS 0x000000070fc00000, 0x000000070fc00000| Untracked 
|  43|0x000000070fe00000, 0x000000070fe00000, 0x0000000710000000|  0%| F|  |TAMS 0x000000070fe00000, 0x000000070fe00000| Untracked 
|  44|0x0000000710000000, 0x0000000710000000, 0x0000000710200000|  0%| F|  |TAMS 0x0000000710000000, 0x0000000710000000| Untracked 
|  45|0x0000000710200000, 0x0000000710200000, 0x0000000710400000|  0%| F|  |TAMS 0x0000000710200000, 0x0000000710200000| Untracked 
|  46|0x0000000710400000, 0x0000000710400000, 0x0000000710600000|  0%| F|  |TAMS 0x0000000710400000, 0x0000000710400000| Untracked 
|  47|0x0000000710600000, 0x0000000710600000, 0x0000000710800000|  0%| F|  |TAMS 0x0000000710600000, 0x0000000710600000| Untracked 
|  48|0x0000000710800000, 0x0000000710800000, 0x0000000710a00000|  0%| F|  |TAMS 0x0000000710800000, 0x0000000710800000| Untracked 
|  49|0x0000000710a00000, 0x0000000710a00000, 0x0000000710c00000|  0%| F|  |TAMS 0x0000000710a00000, 0x0000000710a00000| Untracked 
|  50|0x0000000710c00000, 0x0000000710c00000, 0x0000000710e00000|  0%| F|  |TAMS 0x0000000710c00000, 0x0000000710c00000| Untracked 
|  51|0x0000000710e00000, 0x0000000710e00000, 0x0000000711000000|  0%| F|  |TAMS 0x0000000710e00000, 0x0000000710e00000| Untracked 
|  52|0x0000000711000000, 0x0000000711000000, 0x0000000711200000|  0%| F|  |TAMS 0x0000000711000000, 0x0000000711000000| Untracked 
|  53|0x0000000711200000, 0x0000000711200000, 0x0000000711400000|  0%| F|  |TAMS 0x0000000711200000, 0x0000000711200000| Untracked 
|  54|0x0000000711400000, 0x0000000711400000, 0x0000000711600000|  0%| F|  |TAMS 0x0000000711400000, 0x0000000711400000| Untracked 
|  55|0x0000000711600000, 0x0000000711600000, 0x0000000711800000|  0%| F|  |TAMS 0x0000000711600000, 0x0000000711600000| Untracked 
|  56|0x0000000711800000, 0x0000000711800000, 0x0000000711a00000|  0%| F|  |TAMS 0x0000000711800000, 0x0000000711800000| Untracked 
|  57|0x0000000711a00000, 0x0000000711a00000, 0x0000000711c00000|  0%| F|  |TAMS 0x0000000711a00000, 0x0000000711a00000| Untracked 
|  58|0x0000000711c00000, 0x0000000711c00000, 0x0000000711e00000|  0%| F|  |TAMS 0x0000000711c00000, 0x0000000711c00000| Untracked 
|  59|0x0000000711e00000, 0x0000000711e00000, 0x0000000712000000|  0%| F|  |TAMS 0x0000000711e00000, 0x0000000711e00000| Untracked 
|  60|0x0000000712000000, 0x0000000712000000, 0x0000000712200000|  0%| F|  |TAMS 0x0000000712000000, 0x0000000712000000| Untracked 
|  61|0x0000000712200000, 0x0000000712200000, 0x0000000712400000|  0%| F|  |TAMS 0x0000000712200000, 0x0000000712200000| Untracked 
|  62|0x0000000712400000, 0x0000000712400000, 0x0000000712600000|  0%| F|  |TAMS 0x0000000712400000, 0x0000000712400000| Untracked 
|  63|0x0000000712600000, 0x0000000712600000, 0x0000000712800000|  0%| F|  |TAMS 0x0000000712600000, 0x0000000712600000| Untracked 
|  64|0x0000000712800000, 0x0000000712800000, 0x0000000712a00000|  0%| F|  |TAMS 0x0000000712800000, 0x0000000712800000| Untracked 
|  65|0x0000000712a00000, 0x0000000712a00000, 0x0000000712c00000|  0%| F|  |TAMS 0x0000000712a00000, 0x0000000712a00000| Untracked 
|  66|0x0000000712c00000, 0x0000000712c00000, 0x0000000712e00000|  0%| F|  |TAMS 0x0000000712c00000, 0x0000000712c00000| Untracked 
|  67|0x0000000712e00000, 0x0000000712e00000, 0x0000000713000000|  0%| F|  |TAMS 0x0000000712e00000, 0x0000000712e00000| Untracked 
|  68|0x0000000713000000, 0x0000000713000000, 0x0000000713200000|  0%| F|  |TAMS 0x0000000713000000, 0x0000000713000000| Untracked 
|  69|0x0000000713200000, 0x0000000713200000, 0x0000000713400000|  0%| F|  |TAMS 0x0000000713200000, 0x0000000713200000| Untracked 
|  70|0x0000000713400000, 0x0000000713400000, 0x0000000713600000|  0%| F|  |TAMS 0x0000000713400000, 0x0000000713400000| Untracked 
|  71|0x0000000713600000, 0x0000000713600000, 0x0000000713800000|  0%| F|  |TAMS 0x0000000713600000, 0x0000000713600000| Untracked 
|  72|0x0000000713800000, 0x0000000713800000, 0x0000000713a00000|  0%| F|  |TAMS 0x0000000713800000, 0x0000000713800000| Untracked 
|  73|0x0000000713a00000, 0x0000000713a00000, 0x0000000713c00000|  0%| F|  |TAMS 0x0000000713a00000, 0x0000000713a00000| Untracked 
|  74|0x0000000713c00000, 0x0000000713c00000, 0x0000000713e00000|  0%| F|  |TAMS 0x0000000713c00000, 0x0000000713c00000| Untracked 
|  75|0x0000000713e00000, 0x0000000713e00000, 0x0000000714000000|  0%| F|  |TAMS 0x0000000713e00000, 0x0000000713e00000| Untracked 
|  76|0x0000000714000000, 0x0000000714000000, 0x0000000714200000|  0%| F|  |TAMS 0x0000000714000000, 0x0000000714000000| Untracked 
|  77|0x0000000714200000, 0x0000000714200000, 0x0000000714400000|  0%| F|  |TAMS 0x0000000714200000, 0x0000000714200000| Untracked 
|  78|0x0000000714400000, 0x0000000714400000, 0x0000000714600000|  0%| F|  |TAMS 0x0000000714400000, 0x0000000714400000| Untracked 
|  79|0x0000000714600000, 0x0000000714600000, 0x0000000714800000|  0%| F|  |TAMS 0x0000000714600000, 0x0000000714600000| Untracked 
|  80|0x0000000714800000, 0x0000000714800000, 0x0000000714a00000|  0%| F|  |TAMS 0x0000000714800000, 0x0000000714800000| Untracked 
|  81|0x0000000714a00000, 0x0000000714a00000, 0x0000000714c00000|  0%| F|  |TAMS 0x0000000714a00000, 0x0000000714a00000| Untracked 
|  82|0x0000000714c00000, 0x0000000714c00000, 0x0000000714e00000|  0%| F|  |TAMS 0x0000000714c00000, 0x0000000714c00000| Untracked 
|  83|0x0000000714e00000, 0x0000000714e00000, 0x0000000715000000|  0%| F|  |TAMS 0x0000000714e00000, 0x0000000714e00000| Untracked 
|  84|0x0000000715000000, 0x0000000715000000, 0x0000000715200000|  0%| F|  |TAMS 0x0000000715000000, 0x0000000715000000| Untracked 
|  85|0x0000000715200000, 0x0000000715200000, 0x0000000715400000|  0%| F|  |TAMS 0x0000000715200000, 0x0000000715200000| Untracked 
|  86|0x0000000715400000, 0x0000000715400000, 0x0000000715600000|  0%| F|  |TAMS 0x0000000715400000, 0x0000000715400000| Untracked 
|  87|0x0000000715600000, 0x0000000715600000, 0x0000000715800000|  0%| F|  |TAMS 0x0000000715600000, 0x0000000715600000| Untracked 
|  88|0x0000000715800000, 0x0000000715800000, 0x0000000715a00000|  0%| F|  |TAMS 0x0000000715800000, 0x0000000715800000| Untracked 
|  89|0x0000000715a00000, 0x0000000715a00000, 0x0000000715c00000|  0%| F|  |TAMS 0x0000000715a00000, 0x0000000715a00000| Untracked 
|  90|0x0000000715c00000, 0x0000000715c00000, 0x0000000715e00000|  0%| F|  |TAMS 0x0000000715c00000, 0x0000000715c00000| Untracked 
|  91|0x0000000715e00000, 0x0000000715e00000, 0x0000000716000000|  0%| F|  |TAMS 0x0000000715e00000, 0x0000000715e00000| Untracked 
|  92|0x0000000716000000, 0x0000000716000000, 0x0000000716200000|  0%| F|  |TAMS 0x0000000716000000, 0x0000000716000000| Untracked 
|  93|0x0000000716200000, 0x0000000716200000, 0x0000000716400000|  0%| F|  |TAMS 0x0000000716200000, 0x0000000716200000| Untracked 
|  94|0x0000000716400000, 0x0000000716400000, 0x0000000716600000|  0%| F|  |TAMS 0x0000000716400000, 0x0000000716400000| Untracked 
|  95|0x0000000716600000, 0x0000000716600000, 0x0000000716800000|  0%| F|  |TAMS 0x0000000716600000, 0x0000000716600000| Untracked 
|  96|0x0000000716800000, 0x0000000716800000, 0x0000000716a00000|  0%| F|  |TAMS 0x0000000716800000, 0x0000000716800000| Untracked 
|  97|0x0000000716a00000, 0x0000000716a00000, 0x0000000716c00000|  0%| F|  |TAMS 0x0000000716a00000, 0x0000000716a00000| Untracked 
|  98|0x0000000716c00000, 0x0000000716c00000, 0x0000000716e00000|  0%| F|  |TAMS 0x0000000716c00000, 0x0000000716c00000| Untracked 
|  99|0x0000000716e00000, 0x0000000716e00000, 0x0000000717000000|  0%| F|  |TAMS 0x0000000716e00000, 0x0000000716e00000| Untracked 
| 100|0x0000000717000000, 0x0000000717000000, 0x0000000717200000|  0%| F|  |TAMS 0x0000000717000000, 0x0000000717000000| Untracked 
| 101|0x0000000717200000, 0x0000000717200000, 0x0000000717400000|  0%| F|  |TAMS 0x0000000717200000, 0x0000000717200000| Untracked 
| 102|0x0000000717400000, 0x0000000717400000, 0x0000000717600000|  0%| F|  |TAMS 0x0000000717400000, 0x0000000717400000| Untracked 
| 103|0x0000000717600000, 0x0000000717600000, 0x0000000717800000|  0%| F|  |TAMS 0x0000000717600000, 0x0000000717600000| Untracked 
| 104|0x0000000717800000, 0x0000000717800000, 0x0000000717a00000|  0%| F|  |TAMS 0x0000000717800000, 0x0000000717800000| Untracked 
| 105|0x0000000717a00000, 0x0000000717a00000, 0x0000000717c00000|  0%| F|  |TAMS 0x0000000717a00000, 0x0000000717a00000| Untracked 
| 106|0x0000000717c00000, 0x0000000717c00000, 0x0000000717e00000|  0%| F|  |TAMS 0x0000000717c00000, 0x0000000717c00000| Untracked 
| 107|0x0000000717e00000, 0x0000000717e00000, 0x0000000718000000|  0%| F|  |TAMS 0x0000000717e00000, 0x0000000717e00000| Untracked 
| 108|0x0000000718000000, 0x0000000718000000, 0x0000000718200000|  0%| F|  |TAMS 0x0000000718000000, 0x0000000718000000| Untracked 
| 109|0x0000000718200000, 0x0000000718200000, 0x0000000718400000|  0%| F|  |TAMS 0x0000000718200000, 0x0000000718200000| Untracked 
| 110|0x0000000718400000, 0x0000000718400000, 0x0000000718600000|  0%| F|  |TAMS 0x0000000718400000, 0x0000000718400000| Untracked 
| 111|0x0000000718600000, 0x0000000718600000, 0x0000000718800000|  0%| F|  |TAMS 0x0000000718600000, 0x0000000718600000| Untracked 
| 112|0x0000000718800000, 0x0000000718800000, 0x0000000718a00000|  0%| F|  |TAMS 0x0000000718800000, 0x0000000718800000| Untracked 
| 113|0x0000000718a00000, 0x0000000718a00000, 0x0000000718c00000|  0%| F|  |TAMS 0x0000000718a00000, 0x0000000718a00000| Untracked 
| 114|0x0000000718c00000, 0x0000000718c00000, 0x0000000718e00000|  0%| F|  |TAMS 0x0000000718c00000, 0x0000000718c00000| Untracked 
| 115|0x0000000718e00000, 0x0000000718e00000, 0x0000000719000000|  0%| F|  |TAMS 0x0000000718e00000, 0x0000000718e00000| Untracked 
| 116|0x0000000719000000, 0x0000000719000000, 0x0000000719200000|  0%| F|  |TAMS 0x0000000719000000, 0x0000000719000000| Untracked 
| 117|0x0000000719200000, 0x0000000719200000, 0x0000000719400000|  0%| F|  |TAMS 0x0000000719200000, 0x0000000719200000| Untracked 
| 118|0x0000000719400000, 0x0000000719571598, 0x0000000719600000| 72%| E|  |TAMS 0x0000000719400000, 0x0000000719400000| Complete 
| 119|0x0000000719600000, 0x0000000719800000, 0x0000000719800000|100%| E|  |TAMS 0x0000000719600000, 0x0000000719600000| Complete 
| 120|0x0000000719800000, 0x0000000719a00000, 0x0000000719a00000|100%| E|CS|TAMS 0x0000000719800000, 0x0000000719800000| Complete 
| 121|0x0000000719a00000, 0x0000000719c00000, 0x0000000719c00000|100%| E|CS|TAMS 0x0000000719a00000, 0x0000000719a00000| Complete 
| 122|0x0000000719c00000, 0x0000000719e00000, 0x0000000719e00000|100%| E|CS|TAMS 0x0000000719c00000, 0x0000000719c00000| Complete 

Card table byte_map: [0x0000024927130000,0x00000249278e0000] _byte_map_base: 0x00000249238dc000

Marking Bits (Prev, Next): (CMBitMap*) 0x000002490c3988e0, (CMBitMap*) 0x000002490c398920
 Prev Bits: [0x0000024928090000, 0x000002492bdf0000)
 Next Bits: [0x000002492bdf0000, 0x000002492fb50000)

Polling page: 0x000002490c160000

Metaspace:

Usage:
  Non-class:      2.72 MB used.
      Class:    318.04 KB used.
       Both:      3.03 MB used.

Virtual space:
  Non-class space:       64.00 MB reserved,       2.75 MB (  4%) committed,  1 nodes.
      Class space:        1.00 GB reserved,     384.00 KB ( <1%) committed,  1 nodes.
             Both:        1.06 GB reserved,       3.12 MB ( <1%) committed. 

Chunk freelists:
   Non-Class:  11.55 MB
       Class:  15.67 MB
        Both:  27.22 MB

MaxMetaspaceSize: unlimited
CompressedClassSpaceSize: 1.00 GB
Initial GC threshold: 21.00 MB
Current GC threshold: 21.00 MB
CDS: on
MetaspaceReclaimPolicy: balanced
 - commit_granule_bytes: 65536.
 - commit_granule_words: 8192.
 - virtual_space_node_default_size: 8388608.
 - enlarge_chunks_in_place: 1.
 - new_chunks_are_fully_committed: 0.
 - uncommit_free_chunks: 1.
 - use_allocation_guard: 0.
 - handle_deallocations: 1.


Internal statistics:

num_allocs_failed_limit: 0.
num_arena_births: 8.
num_arena_deaths: 0.
num_vsnodes_births: 2.
num_vsnodes_deaths: 0.
num_space_committed: 50.
num_space_uncommitted: 0.
num_chunks_returned_to_freelist: 0.
num_chunks_taken_from_freelist: 31.
num_chunk_merges: 0.
num_chunk_splits: 25.
num_chunks_enlarged: 20.
num_inconsistent_stats: 0.

CodeHeap 'non-profiled nmethods': size=119168Kb used=144Kb max_used=144Kb free=119023Kb
 bounds [0x000002491e560000, 0x000002491e7d0000, 0x00000249259c0000]
CodeHeap 'profiled nmethods': size=119104Kb used=820Kb max_used=820Kb free=118283Kb
 bounds [0x00000249169c0000, 0x0000024916c30000, 0x000002491de10000]
CodeHeap 'non-nmethods': size=7488Kb used=2827Kb max_used=2842Kb free=4660Kb
 bounds [0x000002491de10000, 0x000002491e0e0000, 0x000002491e560000]
 total_blobs=923 nmethods=499 adapters=334
 compilation: enabled
              stopped_count=0, restarted_count=0
 full_count=0

Compilation events (20 events):
Event: 0.166 Thread 0x0000024932c20a60 nmethod 486 0x0000024916a88d90 code [0x0000024916a88f40, 0x0000024916a891a8]
Event: 0.166 Thread 0x0000024932c20a60  491   !   3       jdk.internal.misc.ScopedMemoryAccess::getByteInternal (36 bytes)
Event: 0.166 Thread 0x0000024932cfccb0 nmethod 489 0x0000024916a89290 code [0x0000024916a89420, 0x0000024916a89538]
Event: 0.166 Thread 0x0000024978175890  493       4       java.lang.ref.Reference::reachabilityFence (1 bytes)
Event: 0.166 Thread 0x0000024932c20a60 nmethod 491 0x0000024916a89610 code [0x0000024916a897c0, 0x0000024916a89a28]
Event: 0.167 Thread 0x0000024978120540 nmethod 490 0x0000024916a89b90 code [0x0000024916a89d60, 0x0000024916a8a1b8]
Event: 0.167 Thread 0x0000024978175890 nmethod 493 0x000002491e583310 code [0x000002491e583480, 0x000002491e5834d8]
Event: 0.167 Thread 0x0000024978120540  494       3       jdk.internal.jimage.ImageStringsReader::unmaskedHashCode (166 bytes)
Event: 0.167 Thread 0x0000024978136600 nmethod 488 0x0000024916a8a390 code [0x0000024916a8a5c0, 0x0000024916a8ad98]
Event: 0.167 Thread 0x0000024932c11b40  495       4       java.util.zip.ZipUtils::CENEXT (9 bytes)
Event: 0.167 Thread 0x0000024978120540 nmethod 494 0x0000024916a8b210 code [0x0000024916a8b460, 0x0000024916a8c058]
Event: 0.168 Thread 0x0000024932c11b40 nmethod 495 0x000002491e583610 code [0x000002491e583780, 0x000002491e583838]
Event: 0.168 Thread 0x0000024978175890  496       4       java.lang.StringLatin1::indexOf (36 bytes)
Event: 0.169 Thread 0x0000024978120540  497       1       java.net.URL::getHost (5 bytes)
Event: 0.169 Thread 0x0000024978120540 nmethod 497 0x000002491e583910 code [0x000002491e583aa0, 0x000002491e583b78]
Event: 0.169 Thread 0x0000024978120540  498       3       java.lang.StringConcatHelper::newArray (40 bytes)
Event: 0.169 Thread 0x0000024978120540 nmethod 498 0x0000024916a8c590 code [0x0000024916a8c760, 0x0000024916a8cab8]
Event: 0.169 Thread 0x0000024978175890 nmethod 496 0x000002491e583c10 code [0x000002491e583d80, 0x000002491e583f58]
Event: 0.170 Thread 0x0000024978120540  499       3       java.lang.ref.WeakReference::<init> (7 bytes)
Event: 0.170 Thread 0x0000024978120540 nmethod 499 0x0000024916a8cb90 code [0x0000024916a8cd40, 0x0000024916a8d038]

GC Heap History (0 events):
No events

Dll operation events (6 events):
Event: 0.005 Loaded shared library C:\Program Files\OpenLogic\jdk-17.0.11.9-hotspot\bin\java.dll
Event: 0.017 Loaded shared library C:\Program Files\OpenLogic\jdk-17.0.11.9-hotspot\bin\jsvml.dll
Event: 0.037 Loaded shared library C:\Program Files\OpenLogic\jdk-17.0.11.9-hotspot\bin\net.dll
Event: 0.038 Loaded shared library C:\Program Files\OpenLogic\jdk-17.0.11.9-hotspot\bin\nio.dll
Event: 0.041 Loaded shared library C:\Program Files\OpenLogic\jdk-17.0.11.9-hotspot\bin\zip.dll
Event: 0.105 Loaded shared library C:\Program Files\OpenLogic\jdk-17.0.11.9-hotspot\bin\jimage.dll

Deoptimization events (16 events):
Event: 0.039 Thread 0x000002490c32d380 Uncommon trap: trap_request=0xffffff45 fr.pc=0x000002491e564e3c relative=0x000000000000019c
Event: 0.039 Thread 0x000002490c32d380 Uncommon trap: reason=unstable_if action=reinterpret pc=0x000002491e564e3c method=java.lang.String.hashCode()I @ 42 c2
Event: 0.039 Thread 0x000002490c32d380 DEOPT PACKING pc=0x000002491e564e3c sp=0x000000a52f2fdc70
Event: 0.039 Thread 0x000002490c32d380 DEOPT UNPACKING pc=0x000002491de669a3 sp=0x000000a52f2fdc08 mode 2
Event: 0.096 Thread 0x000002490c32d380 DEOPT PACKING pc=0x00000249169f1524 sp=0x000000a52f2fc0a0
Event: 0.096 Thread 0x000002490c32d380 DEOPT UNPACKING pc=0x000002491de67143 sp=0x000000a52f2fb550 mode 0
Event: 0.118 Thread 0x000002490c32d380 Uncommon trap: trap_request=0xffffff6e fr.pc=0x000002491e5762dc relative=0x000000000000025c
Event: 0.118 Thread 0x000002490c32d380 Uncommon trap: reason=loop_limit_check action=maybe_recompile pc=0x000002491e5762dc method=java.math.BigInteger.implMulAdd([I[IIII)I @ 26 c2
Event: 0.118 Thread 0x000002490c32d380 DEOPT PACKING pc=0x000002491e5762dc sp=0x000000a52f2fba70
Event: 0.118 Thread 0x000002490c32d380 DEOPT UNPACKING pc=0x000002491de669a3 sp=0x000000a52f2fb9c0 mode 2
Event: 0.143 Thread 0x000002490c32d380 DEOPT PACKING pc=0x0000024916a2d8ad sp=0x000000a52f2fa8b0
Event: 0.143 Thread 0x000002490c32d380 DEOPT UNPACKING pc=0x000002491de67143 sp=0x000000a52f2f9d48 mode 0
Event: 0.152 Thread 0x000002490c32d380 DEOPT PACKING pc=0x00000249169ddce7 sp=0x000000a52f2fa100
Event: 0.152 Thread 0x000002490c32d380 DEOPT UNPACKING pc=0x000002491de67143 sp=0x000000a52f2f9520 mode 0
Event: 0.164 Thread 0x000002490c32d380 DEOPT PACKING pc=0x00000249169dd051 sp=0x000000a52f2fe820
Event: 0.164 Thread 0x000002490c32d380 DEOPT UNPACKING pc=0x000002491de67143 sp=0x000000a52f2fdc98 mode 0

Classes unloaded (0 events):
No events

Classes redefined (0 events):
No events

Internal exceptions (1 events):
Event: 0.156 Thread 0x000002490c32d380 Exception <a 'java/lang/NoSuchMethodError'{0x00000007194a8298}: 'void java.lang.invoke.DirectMethodHandle$Holder.invokeVirtual(java.lang.Object, java.lang.Object)'> (0x00000007194a8298) 
thrown [s\src\hotspot\share\interpreter\linkResolver.cpp, line 759]

VM Operations (10 events):
Event: 0.041 Executing VM operation: HandshakeAllThreads
Event: 0.041 Executing VM operation: HandshakeAllThreads done
Event: 0.066 Executing VM operation: HandshakeAllThreads
Event: 0.066 Executing VM operation: HandshakeAllThreads done
Event: 0.073 Executing VM operation: HandshakeAllThreads
Event: 0.073 Executing VM operation: HandshakeAllThreads done
Event: 0.168 Executing VM operation: HandshakeAllThreads
Event: 0.168 Executing VM operation: HandshakeAllThreads done
Event: 0.170 Executing VM operation: HandshakeAllThreads
Event: 0.170 Executing VM operation: HandshakeAllThreads done

Events (20 events):
Event: 0.168 loading class sun/net/www/protocol/jar/URLJarFile$URLJarFileCloseController done
Event: 0.168 loading class sun/net/www/protocol/jar/JarFileFactory done
Event: 0.168 loading class sun/net/www/protocol/file/FileURLConnection
Event: 0.168 loading class sun/net/www/URLConnection
Event: 0.168 loading class sun/net/www/URLConnection done
Event: 0.168 loading class sun/net/www/protocol/file/FileURLConnection done
Event: 0.168 loading class sun/net/www/MessageHeader
Event: 0.168 loading class sun/net/www/MessageHeader done
Event: 0.168 loading class sun/net/www/protocol/jar/URLJarFile
Event: 0.168 loading class sun/net/www/protocol/jar/URLJarFile done
Event: 0.169 loading class sun/net/www/protocol/jar/URLJarFile$URLJarFileEntry
Event: 0.169 loading class sun/net/www/protocol/jar/URLJarFile$URLJarFileEntry done
Event: 0.169 loading class sun/net/www/protocol/jar/JarURLConnection$JarURLInputStream
Event: 0.169 loading class sun/net/www/protocol/jar/JarURLConnection$JarURLInputStream done
Event: 0.170 loading class java/io/EOFException
Event: 0.170 loading class java/io/EOFException done
Event: 0.170 loading class java/lang/IllegalStateException
Event: 0.170 loading class java/lang/IllegalStateException done
Event: 0.170 loading class java/lang/AssertionError
Event: 0.170 loading class java/lang/AssertionError done


Dynamic libraries:
0x00007ff7dad00000 - 0x00007ff7dad0e000 	C:\Program Files\OpenLogic\jdk-17.0.11.9-hotspot\bin\java.exe
0x00007fffb8690000 - 0x00007fffb88a7000 	C:\windows\SYSTEM32\ntdll.dll
0x00007fffb6c60000 - 0x00007fffb6d24000 	C:\windows\System32\KERNEL32.DLL
0x00007fffb5b00000 - 0x00007fffb5ead000 	C:\windows\System32\KERNELBASE.dll
0x00007fffb5f20000 - 0x00007fffb6031000 	C:\windows\System32\ucrtbase.dll
0x00007fff9ac50000 - 0x00007fff9ac6b000 	C:\Program Files\OpenLogic\jdk-17.0.11.9-hotspot\bin\VCRUNTIME140.dll
0x00007fff9a260000 - 0x00007fff9a277000 	C:\Program Files\OpenLogic\jdk-17.0.11.9-hotspot\bin\jli.dll
0x00007fffb8430000 - 0x00007fffb85de000 	C:\windows\System32\USER32.dll
0x00007fffb6070000 - 0x00007fffb6096000 	C:\windows\System32\win32u.dll
0x00007fffa3180000 - 0x00007fffa3413000 	C:\windows\WinSxS\amd64_microsoft.windows.common-controls_6595b64144ccf1df_6.0.22621.3672_none_2713b9d173822955\COMCTL32.dll
0x00007fffb6c30000 - 0x00007fffb6c59000 	C:\windows\System32\GDI32.dll
0x00007fffb6b80000 - 0x00007fffb6c27000 	C:\windows\System32\msvcrt.dll
0x00007fffb6210000 - 0x00007fffb6329000 	C:\windows\System32\gdi32full.dll
0x00007fffb6330000 - 0x00007fffb63ca000 	C:\windows\System32\msvcp_win.dll
0x00007fffb63d0000 - 0x00007fffb6401000 	C:\windows\System32\IMM32.DLL
0x00007fffb1120000 - 0x00007fffb112c000 	C:\Program Files\OpenLogic\jdk-17.0.11.9-hotspot\bin\vcruntime140_1.dll
0x00007fff97ed0000 - 0x00007fff97f5d000 	C:\Program Files\OpenLogic\jdk-17.0.11.9-hotspot\bin\msvcp140.dll
0x00007fff11c90000 - 0x00007fff128f2000 	C:\Program Files\OpenLogic\jdk-17.0.11.9-hotspot\bin\server\jvm.dll
0x00007fffb73a0000 - 0x00007fffb7452000 	C:\windows\System32\ADVAPI32.dll
0x00007fffb8380000 - 0x00007fffb8429000 	C:\windows\System32\sechost.dll
0x00007fffb6040000 - 0x00007fffb6068000 	C:\windows\System32\bcrypt.dll
0x00007fffb65c0000 - 0x00007fffb66d4000 	C:\windows\System32\RPCRT4.dll
0x00007fff905e0000 - 0x00007fff905e9000 	C:\windows\SYSTEM32\WSOCK32.dll
0x00007fffb1060000 - 0x00007fffb1094000 	C:\windows\SYSTEM32\WINMM.dll
0x00007fffb4820000 - 0x00007fffb486d000 	C:\windows\SYSTEM32\POWRPROF.dll
0x00007fffb7310000 - 0x00007fffb7381000 	C:\windows\System32\WS2_32.dll
0x00007fffb0050000 - 0x00007fffb005a000 	C:\windows\SYSTEM32\VERSION.dll
0x00007fffb47f0000 - 0x00007fffb4803000 	C:\windows\SYSTEM32\UMPDC.dll
0x00007fffb4ab0000 - 0x00007fffb4ac8000 	C:\windows\SYSTEM32\kernel.appcore.dll
0x00007fffb10c0000 - 0x00007fffb10ca000 	C:\Program Files\OpenLogic\jdk-17.0.11.9-hotspot\bin\jimage.dll
0x00007fffad510000 - 0x00007fffad742000 	C:\windows\SYSTEM32\DBGHELP.DLL
0x00007fffb7600000 - 0x00007fffb7988000 	C:\windows\System32\combase.dll
0x00007fffb68b0000 - 0x00007fffb6987000 	C:\windows\System32\OLEAUT32.dll
0x00007fffa9230000 - 0x00007fffa9262000 	C:\windows\SYSTEM32\dbgcore.DLL
0x00007fffb5a80000 - 0x00007fffb5afb000 	C:\windows\System32\bcryptPrimitives.dll
0x00007fff9a060000 - 0x00007fff9a085000 	C:\Program Files\OpenLogic\jdk-17.0.11.9-hotspot\bin\java.dll
0x00007fff7ae20000 - 0x00007fff7aef6000 	C:\Program Files\OpenLogic\jdk-17.0.11.9-hotspot\bin\jsvml.dll
0x00007fffb7b20000 - 0x00007fffb837f000 	C:\windows\System32\SHELL32.dll
0x00007fffb38d0000 - 0x00007fffb41cc000 	C:\windows\SYSTEM32\windows.storage.dll
0x00007fffb3790000 - 0x00007fffb38cf000 	C:\windows\SYSTEM32\wintypes.dll
0x00007fffb6a80000 - 0x00007fffb6b74000 	C:\windows\System32\SHCORE.dll
0x00007fffb7460000 - 0x00007fffb74be000 	C:\windows\System32\shlwapi.dll
0x00007fffb58f0000 - 0x00007fffb5911000 	C:\windows\SYSTEM32\profapi.dll
0x00007fff98150000 - 0x00007fff98169000 	C:\Program Files\OpenLogic\jdk-17.0.11.9-hotspot\bin\net.dll
0x00007fffb2290000 - 0x00007fffb23c6000 	C:\windows\SYSTEM32\WINHTTP.dll
0x00007fffb4f30000 - 0x00007fffb4f99000 	C:\windows\system32\mswsock.dll
0x00007fff98130000 - 0x00007fff98146000 	C:\Program Files\OpenLogic\jdk-17.0.11.9-hotspot\bin\nio.dll
0x00007fff98170000 - 0x00007fff98188000 	C:\Program Files\OpenLogic\jdk-17.0.11.9-hotspot\bin\zip.dll

dbghelp: loaded successfully - version: 4.0.5 - missing functions: none
symbol engine: initialized successfully - sym options: 0x614 - pdb path: .;C:\Program Files\OpenLogic\jdk-17.0.11.9-hotspot\bin;C:\windows\SYSTEM32;C:\windows\WinSxS\amd64_microsoft.windows.common-controls_6595b64144ccf1df_6.0.22621.3672_none_2713b9d173822955;C:\Program Files\OpenLogic\jdk-17.0.11.9-hotspot\bin\server

VM Arguments:
jvm_args: -Dfile.encoding=utf8 
java_command: c:\Users\Divyesh\.vscode\extensions\vscjava.vscode-gradle-3.15.0\lib\gradle-language-server.jar
java_class_path (initial): c:\Users\Divyesh\.vscode\extensions\vscjava.vscode-gradle-3.15.0\lib\gradle-language-server.jar
Launcher Type: SUN_STANDARD

[Global flags]
     intx CICompilerCount                          = 12                                        {product} {ergonomic}
     uint ConcGCThreads                            = 3                                         {product} {ergonomic}
     uint G1ConcRefinementThreads                  = 13                                        {product} {ergonomic}
   size_t G1HeapRegionSize                         = 2097152                                   {product} {ergonomic}
    uintx GCDrainStackTargetSize                   = 64                                        {product} {ergonomic}
   size_t InitialHeapSize                          = 257949696                                 {product} {ergonomic}
   size_t MarkStackSize                            = 4194304                                   {product} {ergonomic}
   size_t MaxHeapSize                              = 4118806528                                {product} {ergonomic}
   size_t MaxNewSize                               = 2470445056                                {product} {ergonomic}
   size_t MinHeapDeltaBytes                        = 2097152                                   {product} {ergonomic}
   size_t MinHeapSize                              = 8388608                                   {product} {ergonomic}
    uintx NonNMethodCodeHeapSize                   = 7602480                                {pd product} {ergonomic}
    uintx NonProfiledCodeHeapSize                  = 122027880                              {pd product} {ergonomic}
    uintx ProfiledCodeHeapSize                     = 122027880                              {pd product} {ergonomic}
    uintx ReservedCodeCacheSize                    = 251658240                              {pd product} {ergonomic}
     bool SegmentedCodeCache                       = true                                      {product} {ergonomic}
   size_t SoftMaxHeapSize                          = 4118806528                             {manageable} {ergonomic}
     bool UseCompressedClassPointers               = true                           {product lp64_product} {ergonomic}
     bool UseCompressedOops                        = true                           {product lp64_product} {ergonomic}
     bool UseG1GC                                  = true                                      {product} {ergonomic}
     bool UseLargePagesIndividualAllocation        = false                                  {pd product} {ergonomic}

Logging:
Log output configuration:
 #0: stdout all=warning uptime,level,tags
 #1: stderr all=off uptime,level,tags

Environment Variables:
JAVA_HOME=C:\Program Files\OpenLogic\jdk-17.0.11.9-hotspot
PATH=C:\Program Files\Microsoft\jdk-17.0.11.9-hotspot\bin;C:\Program Files\OpenLogic\jdk-17.0.11.9-hotspot\bin;C:\windows\system32;C:\windows;C:\windows\System32\Wbem;C:\windows\System32\WindowsPowerShell\v1.0\;C:\windows\System32\OpenSSH\;C:\Program Files (x86)\NVIDIA Corporation\PhysX\Common;C:\Program Files\NVIDIA Corporation\NVIDIA NvDLISR;C:\Program Files\Git\cmd;C:\MinGW\bin;C:\Program Files\dotnet\;C:\ProgramData\chocolatey\bin;C:\Users\Divyesh\AppData\Local\Android\Sdk\platform-tools;C:\Program Files\Java\jdk-17\bin;C:\Users\Divyesh\AppData\Local\Android\Sdk\emulator;C:\Program Files\MongoDB\Server\7.0\bin;C:\Users\Divyesh\AppData\Local\Programs\Eclipse Adoptium\jdk-17.0.9.9-hotspot\;C:\Program Files\OpenLogic\jdk-17.0.11.9-hotspot;C:\Program Files\Docker\Docker\resources\bin;C:\Program Files\nodejs\;C:\Gradle\gradle-8.9\bin;C:\Users\Divyesh\AppData\Local\Programs\Python\Python312\Scripts\;C:\Users\Divyesh\AppData\Local\Programs\Python\Python312\;C:\Users\Divyesh\AppData\Local\Programs\Python\Launcher\;C:\Users\Divyesh\AppData\Local\Microsoft\WindowsApps;C:\Users\Divyesh\AppData\Local\Programs\Microsoft VS Code\bin;C:\Users\Divyesh\AppData\Local\GitHubDesktop\bin;C:\flutter\bin;C:\Program Files\kotlinc\bin;C:\Program Files\nodejs;C:\Program Files\Java\jdk-17\bin;C:\Users\Divyesh\AppData\Local\Android\Sdk\platform-tools;C:\Users\Divyesh\AppData\Local\Android\Sdk;C:\Users\Divyesh\AppData\Local\Android\Sdk\emulator;C:\Program Files\OpenLogic\jdk-17.0.11.9-hotspot;C:\Program Files\JetBrains\IntelliJ IDEA 2024.1.4\bin;;C:\Users\Divyesh\AppData\Roaming\npm;C:\Gradle\gradle-8.9\bin;
USERNAME=Divyesh
OS=Windows_NT
PROCESSOR_IDENTIFIER=AMD64 Family 25 Model 80 Stepping 0, AuthenticAMD
TMP=C:\Users\Divyesh\AppData\Local\Temp
TEMP=C:\Users\Divyesh\AppData\Local\Temp



Periodic native trim disabled


---------------  S Y S T E M  ---------------

OS:
 Windows 11 , 64 bit Build 22621 (10.0.22621.3672)
OS uptime: 0 days 6:22 hours
Hyper-V role detected

CPU: total 16 (initial active 16) (16 cores per cpu, 2 threads per core) family 25 model 80 stepping 0 microcode 0x0, cx8, cmov, fxsr, ht, mmx, 3dnowpref, sse, sse2, sse3, ssse3, sse4a, sse4.1, sse4.2, popcnt, lzcnt, tsc, tscinvbit, avx, avx2, aes, erms, clmul, bmi1, bmi2, adx, sha, fma, vzeroupper, clflush, clflushopt, hv
Processor Information for processor 0
  Max Mhz: 3201, Current Mhz: 3201, Mhz Limit: 3201
Processor Information for processor 1
  Max Mhz: 3201, Current Mhz: 1990, Mhz Limit: 3201
Processor Information for processor 2
  Max Mhz: 3201, Current Mhz: 1990, Mhz Limit: 3201
Processor Information for processor 3
  Max Mhz: 3201, Current Mhz: 3201, Mhz Limit: 3201
Processor Information for processor 4
  Max Mhz: 3201, Current Mhz: 3201, Mhz Limit: 3201
Processor Information for processor 5
  Max Mhz: 3201, Current Mhz: 3201, Mhz Limit: 3201
Processor Information for processor 6
  Max Mhz: 3201, Current Mhz: 1990, Mhz Limit: 3201
Processor Information for processor 7
  Max Mhz: 3201, Current Mhz: 1990, Mhz Limit: 3201
Processor Information for processor 8
  Max Mhz: 3201, Current Mhz: 1990, Mhz Limit: 3201
Processor Information for processor 9
  Max Mhz: 3201, Current Mhz: 1990, Mhz Limit: 3201
Processor Information for processor 10
  Max Mhz: 3201, Current Mhz: 1990, Mhz Limit: 3201
Processor Information for processor 11
  Max Mhz: 3201, Current Mhz: 1990, Mhz Limit: 3201
Processor Information for processor 12
  Max Mhz: 3201, Current Mhz: 1990, Mhz Limit: 3201
Processor Information for processor 13
  Max Mhz: 3201, Current Mhz: 1990, Mhz Limit: 3201
Processor Information for processor 14
  Max Mhz: 3201, Current Mhz: 1990, Mhz Limit: 3201
Processor Information for processor 15
  Max Mhz: 3201, Current Mhz: 1990, Mhz Limit: 3201

Memory: 4k page, system-wide physical 15710M (4208M free)
TotalPageFile size 15710M (AvailPageFile size 3M)
current process WorkingSet (physical memory assigned to process): 52M, peak: 52M
current process commit charge ("private bytes"): 351M, peak: 351M

vm_info: OpenJDK 64-Bit Server VM (17.0.11+9-adhoc..jdk17u) for windows-amd64 JRE (17.0.11+9-adhoc..jdk17u), built on Apr 19 2024 08:33:45 by "" with MS VC++ 16.10 / 16.11 (VS2019)

END.
